<?xml version="1.0" encoding="UTF-8"?>
<testng-results ignored="0" total="64" passed="64" failed="0" skipped="0">
  <reporter-output>
  </reporter-output>
  <suite started-at="2020-06-08T14:57:15Z" name="POST SKILLS using CVI LOGIN" finished-at="2020-06-08T14:57:35Z" duration-ms="20585">
    <groups>
    </groups>
    <test started-at="2020-06-08T14:57:15Z" name="POST SKILLS using CVI LOGIN Test" finished-at="2020-06-08T14:57:32Z" duration-ms="17033">
      <class name="com.qa.tests.CVIMultiplInvkeMtngPauseTest">
        <test-method signature="contentTypeTest(java.lang.String, java.lang.String, java.lang.String, java.lang.String, java.lang.String)[pri:0, instance:com.qa.tests.CVIMultiplInvkeMtngPauseTest@6db9f5a4]" started-at="2020-06-08T14:57:22Z" name="contentTypeTest" data-provider="POSTData" finished-at="2020-06-08T14:57:22Z" duration-ms="155" status="PASS">
          <params>
            <param index="0">
              <value>
                <![CDATA[/cvi/dm/api/v1/invoke/intent/json]]>
              </value>
            </param>
            <param index="1">
              <value>
                <![CDATA[application/json]]>
              </value>
            </param>
            <param index="2">
              <value>
                <![CDATA[application/json]]>
              </value>
            </param>
            <param index="3">
              <value>
                <![CDATA[b507d7ad-9e14-4a26-a3b5-0cc4ec2a2da9]]>
              </value>
            </param>
            <param index="4">
              <value>
                <![CDATA[{
  "entities":{
    "meeting_title":[
      {
        "literal":"Toronto"
      }
    ]
  },
  "intent":"MEETING__PAUSE"
}]]>
              </value>
            </param>
          </params>
          <reporter-output>
          </reporter-output>
        </test-method> <!-- contentTypeTest -->
        <test-method signature="contentTypeTest(java.lang.String, java.lang.String, java.lang.String, java.lang.String, java.lang.String)[pri:0, instance:com.qa.tests.CVIMultiplInvkeMtngPauseTest@6db9f5a4]" started-at="2020-06-08T14:57:22Z" name="contentTypeTest" data-provider="POSTData" finished-at="2020-06-08T14:57:23Z" duration-ms="297" status="PASS">
          <params>
            <param index="0">
              <value>
                <![CDATA[/cvi/dm/api/v1/invoke/intent/json]]>
              </value>
            </param>
            <param index="1">
              <value>
                <![CDATA[application/json]]>
              </value>
            </param>
            <param index="2">
              <value>
                <![CDATA[application/json]]>
              </value>
            </param>
            <param index="3">
              <value>
                <![CDATA[b507d7ad-9e14-4a26-a3b5-0cc4ec2a2da9]]>
              </value>
            </param>
            <param index="4">
              <value>
                <![CDATA[{
  "entities":{
    "meeting_title":[
      {
        "literal":"Messe"
      }
    ]
  },
  "intent":"MEETING__PAUSE"
}]]>
              </value>
            </param>
          </params>
          <reporter-output>
          </reporter-output>
        </test-method> <!-- contentTypeTest -->
        <test-method is-config="true" signature="checkResults(org.testng.ITestResult)[pri:0, instance:com.qa.tests.CVIMultiplInvkeMtngPauseTest@6db9f5a4]" started-at="2020-06-08T14:57:22Z" name="checkResults" finished-at="2020-06-08T14:57:22Z" duration-ms="0" status="PASS">
          <params>
            <param index="0">
              <value>
                <![CDATA[[TestResult name=contentTypeTest status=SUCCESS method=CVIMultiplInvkeMtngPauseTest.contentTypeTest(java.lang.String, java.lang.String, java.lang.String, java.lang.String, java.lang.String)[pri:0, instance:com.qa.tests.CVIMultiplInvkeMtngPauseTest@6db9f5a4] output={null}]]]>
              </value>
            </param>
          </params>
          <reporter-output>
          </reporter-output>
        </test-method> <!-- checkResults -->
        <test-method is-config="true" signature="checkResults(org.testng.ITestResult)[pri:0, instance:com.qa.tests.CVIMultiplInvkeMtngPauseTest@6db9f5a4]" started-at="2020-06-08T14:57:23Z" name="checkResults" finished-at="2020-06-08T14:57:23Z" duration-ms="1" status="PASS">
          <params>
            <param index="0">
              <value>
                <![CDATA[[TestResult name=contentTypeTest status=SUCCESS method=CVIMultiplInvkeMtngPauseTest.contentTypeTest(java.lang.String, java.lang.String, java.lang.String, java.lang.String, java.lang.String)[pri:0, instance:com.qa.tests.CVIMultiplInvkeMtngPauseTest@6db9f5a4] output={null}]]]>
              </value>
            </param>
          </params>
          <reporter-output>
          </reporter-output>
        </test-method> <!-- checkResults -->
        <test-method signature="responseBodyTest(java.lang.String, java.lang.String, java.lang.String, java.lang.String, java.lang.String)[pri:0, instance:com.qa.tests.CVIMultiplInvkeMtngPauseTest@6db9f5a4]" started-at="2020-06-08T14:57:23Z" name="responseBodyTest" data-provider="POSTData" finished-at="2020-06-08T14:57:23Z" duration-ms="207" status="PASS">
          <params>
            <param index="0">
              <value>
                <![CDATA[/cvi/dm/api/v1/invoke/intent/json]]>
              </value>
            </param>
            <param index="1">
              <value>
                <![CDATA[application/json]]>
              </value>
            </param>
            <param index="2">
              <value>
                <![CDATA[application/json]]>
              </value>
            </param>
            <param index="3">
              <value>
                <![CDATA[b507d7ad-9e14-4a26-a3b5-0cc4ec2a2da9]]>
              </value>
            </param>
            <param index="4">
              <value>
                <![CDATA[{
  "entities":{
    "meeting_title":[
      {
        "literal":"Toronto"
      }
    ]
  },
  "intent":"MEETING__PAUSE"
}]]>
              </value>
            </param>
          </params>
          <reporter-output>
          </reporter-output>
        </test-method> <!-- responseBodyTest -->
        <test-method is-config="true" signature="checkResults(org.testng.ITestResult)[pri:0, instance:com.qa.tests.CVIMultiplInvkeMtngPauseTest@6db9f5a4]" started-at="2020-06-08T14:57:23Z" name="checkResults" finished-at="2020-06-08T14:57:23Z" duration-ms="0" status="PASS">
          <params>
            <param index="0">
              <value>
                <![CDATA[[TestResult name=responseBodyTest status=SUCCESS method=CVIMultiplInvkeMtngPauseTest.responseBodyTest(java.lang.String, java.lang.String, java.lang.String, java.lang.String, java.lang.String)[pri:0, instance:com.qa.tests.CVIMultiplInvkeMtngPauseTest@6db9f5a4] output={null}]]]>
              </value>
            </param>
          </params>
          <reporter-output>
          </reporter-output>
        </test-method> <!-- checkResults -->
        <test-method signature="responseBodyTest(java.lang.String, java.lang.String, java.lang.String, java.lang.String, java.lang.String)[pri:0, instance:com.qa.tests.CVIMultiplInvkeMtngPauseTest@6db9f5a4]" started-at="2020-06-08T14:57:23Z" name="responseBodyTest" data-provider="POSTData" finished-at="2020-06-08T14:57:23Z" duration-ms="158" status="PASS">
          <params>
            <param index="0">
              <value>
                <![CDATA[/cvi/dm/api/v1/invoke/intent/json]]>
              </value>
            </param>
            <param index="1">
              <value>
                <![CDATA[application/json]]>
              </value>
            </param>
            <param index="2">
              <value>
                <![CDATA[application/json]]>
              </value>
            </param>
            <param index="3">
              <value>
                <![CDATA[b507d7ad-9e14-4a26-a3b5-0cc4ec2a2da9]]>
              </value>
            </param>
            <param index="4">
              <value>
                <![CDATA[{
  "entities":{
    "meeting_title":[
      {
        "literal":"Messe"
      }
    ]
  },
  "intent":"MEETING__PAUSE"
}]]>
              </value>
            </param>
          </params>
          <reporter-output>
          </reporter-output>
        </test-method> <!-- responseBodyTest -->
        <test-method is-config="true" signature="checkResults(org.testng.ITestResult)[pri:0, instance:com.qa.tests.CVIMultiplInvkeMtngPauseTest@6db9f5a4]" started-at="2020-06-08T14:57:23Z" name="checkResults" finished-at="2020-06-08T14:57:23Z" duration-ms="0" status="PASS">
          <params>
            <param index="0">
              <value>
                <![CDATA[[TestResult name=responseBodyTest status=SUCCESS method=CVIMultiplInvkeMtngPauseTest.responseBodyTest(java.lang.String, java.lang.String, java.lang.String, java.lang.String, java.lang.String)[pri:0, instance:com.qa.tests.CVIMultiplInvkeMtngPauseTest@6db9f5a4] output={null}]]]>
              </value>
            </param>
          </params>
          <reporter-output>
          </reporter-output>
        </test-method> <!-- checkResults -->
        <test-method signature="responseTimeTest(java.lang.String, java.lang.String, java.lang.String, java.lang.String, java.lang.String)[pri:0, instance:com.qa.tests.CVIMultiplInvkeMtngPauseTest@6db9f5a4]" started-at="2020-06-08T14:57:23Z" name="responseTimeTest" data-provider="POSTData" finished-at="2020-06-08T14:57:24Z" duration-ms="168" status="PASS">
          <params>
            <param index="0">
              <value>
                <![CDATA[/cvi/dm/api/v1/invoke/intent/json]]>
              </value>
            </param>
            <param index="1">
              <value>
                <![CDATA[application/json]]>
              </value>
            </param>
            <param index="2">
              <value>
                <![CDATA[application/json]]>
              </value>
            </param>
            <param index="3">
              <value>
                <![CDATA[b507d7ad-9e14-4a26-a3b5-0cc4ec2a2da9]]>
              </value>
            </param>
            <param index="4">
              <value>
                <![CDATA[{
  "entities":{
    "meeting_title":[
      {
        "literal":"Toronto"
      }
    ]
  },
  "intent":"MEETING__PAUSE"
}]]>
              </value>
            </param>
          </params>
          <reporter-output>
          </reporter-output>
        </test-method> <!-- responseTimeTest -->
        <test-method is-config="true" signature="checkResults(org.testng.ITestResult)[pri:0, instance:com.qa.tests.CVIMultiplInvkeMtngPauseTest@6db9f5a4]" started-at="2020-06-08T14:57:24Z" name="checkResults" finished-at="2020-06-08T14:57:24Z" duration-ms="0" status="PASS">
          <params>
            <param index="0">
              <value>
                <![CDATA[[TestResult name=responseTimeTest status=SUCCESS method=CVIMultiplInvkeMtngPauseTest.responseTimeTest(java.lang.String, java.lang.String, java.lang.String, java.lang.String, java.lang.String)[pri:0, instance:com.qa.tests.CVIMultiplInvkeMtngPauseTest@6db9f5a4] output={null}]]]>
              </value>
            </param>
          </params>
          <reporter-output>
          </reporter-output>
        </test-method> <!-- checkResults -->
        <test-method signature="responseTimeTest(java.lang.String, java.lang.String, java.lang.String, java.lang.String, java.lang.String)[pri:0, instance:com.qa.tests.CVIMultiplInvkeMtngPauseTest@6db9f5a4]" started-at="2020-06-08T14:57:24Z" name="responseTimeTest" data-provider="POSTData" finished-at="2020-06-08T14:57:24Z" duration-ms="289" status="PASS">
          <params>
            <param index="0">
              <value>
                <![CDATA[/cvi/dm/api/v1/invoke/intent/json]]>
              </value>
            </param>
            <param index="1">
              <value>
                <![CDATA[application/json]]>
              </value>
            </param>
            <param index="2">
              <value>
                <![CDATA[application/json]]>
              </value>
            </param>
            <param index="3">
              <value>
                <![CDATA[b507d7ad-9e14-4a26-a3b5-0cc4ec2a2da9]]>
              </value>
            </param>
            <param index="4">
              <value>
                <![CDATA[{
  "entities":{
    "meeting_title":[
      {
        "literal":"Messe"
      }
    ]
  },
  "intent":"MEETING__PAUSE"
}]]>
              </value>
            </param>
          </params>
          <reporter-output>
          </reporter-output>
        </test-method> <!-- responseTimeTest -->
        <test-method is-config="true" signature="checkResults(org.testng.ITestResult)[pri:0, instance:com.qa.tests.CVIMultiplInvkeMtngPauseTest@6db9f5a4]" started-at="2020-06-08T14:57:24Z" name="checkResults" finished-at="2020-06-08T14:57:24Z" duration-ms="0" status="PASS">
          <params>
            <param index="0">
              <value>
                <![CDATA[[TestResult name=responseTimeTest status=SUCCESS method=CVIMultiplInvkeMtngPauseTest.responseTimeTest(java.lang.String, java.lang.String, java.lang.String, java.lang.String, java.lang.String)[pri:0, instance:com.qa.tests.CVIMultiplInvkeMtngPauseTest@6db9f5a4] output={null}]]]>
              </value>
            </param>
          </params>
          <reporter-output>
          </reporter-output>
        </test-method> <!-- checkResults -->
        <test-method signature="statusCodeTest(java.lang.String, java.lang.String, java.lang.String, java.lang.String, java.lang.String)[pri:0, instance:com.qa.tests.CVIMultiplInvkeMtngPauseTest@6db9f5a4]" started-at="2020-06-08T14:57:24Z" name="statusCodeTest" data-provider="POSTData" finished-at="2020-06-08T14:57:24Z" duration-ms="160" status="PASS">
          <params>
            <param index="0">
              <value>
                <![CDATA[/cvi/dm/api/v1/invoke/intent/json]]>
              </value>
            </param>
            <param index="1">
              <value>
                <![CDATA[application/json]]>
              </value>
            </param>
            <param index="2">
              <value>
                <![CDATA[application/json]]>
              </value>
            </param>
            <param index="3">
              <value>
                <![CDATA[b507d7ad-9e14-4a26-a3b5-0cc4ec2a2da9]]>
              </value>
            </param>
            <param index="4">
              <value>
                <![CDATA[{
  "entities":{
    "meeting_title":[
      {
        "literal":"Toronto"
      }
    ]
  },
  "intent":"MEETING__PAUSE"
}]]>
              </value>
            </param>
          </params>
          <reporter-output>
          </reporter-output>
        </test-method> <!-- statusCodeTest -->
        <test-method is-config="true" signature="checkResults(org.testng.ITestResult)[pri:0, instance:com.qa.tests.CVIMultiplInvkeMtngPauseTest@6db9f5a4]" started-at="2020-06-08T14:57:24Z" name="checkResults" finished-at="2020-06-08T14:57:24Z" duration-ms="1" status="PASS">
          <params>
            <param index="0">
              <value>
                <![CDATA[[TestResult name=statusCodeTest status=SUCCESS method=CVIMultiplInvkeMtngPauseTest.statusCodeTest(java.lang.String, java.lang.String, java.lang.String, java.lang.String, java.lang.String)[pri:0, instance:com.qa.tests.CVIMultiplInvkeMtngPauseTest@6db9f5a4] output={null}]]]>
              </value>
            </param>
          </params>
          <reporter-output>
          </reporter-output>
        </test-method> <!-- checkResults -->
        <test-method signature="statusCodeTest(java.lang.String, java.lang.String, java.lang.String, java.lang.String, java.lang.String)[pri:0, instance:com.qa.tests.CVIMultiplInvkeMtngPauseTest@6db9f5a4]" started-at="2020-06-08T14:57:24Z" name="statusCodeTest" data-provider="POSTData" finished-at="2020-06-08T14:57:24Z" duration-ms="204" status="PASS">
          <params>
            <param index="0">
              <value>
                <![CDATA[/cvi/dm/api/v1/invoke/intent/json]]>
              </value>
            </param>
            <param index="1">
              <value>
                <![CDATA[application/json]]>
              </value>
            </param>
            <param index="2">
              <value>
                <![CDATA[application/json]]>
              </value>
            </param>
            <param index="3">
              <value>
                <![CDATA[b507d7ad-9e14-4a26-a3b5-0cc4ec2a2da9]]>
              </value>
            </param>
            <param index="4">
              <value>
                <![CDATA[{
  "entities":{
    "meeting_title":[
      {
        "literal":"Messe"
      }
    ]
  },
  "intent":"MEETING__PAUSE"
}]]>
              </value>
            </param>
          </params>
          <reporter-output>
          </reporter-output>
        </test-method> <!-- statusCodeTest -->
        <test-method is-config="true" signature="checkResults(org.testng.ITestResult)[pri:0, instance:com.qa.tests.CVIMultiplInvkeMtngPauseTest@6db9f5a4]" started-at="2020-06-08T14:57:24Z" name="checkResults" finished-at="2020-06-08T14:57:24Z" duration-ms="0" status="PASS">
          <params>
            <param index="0">
              <value>
                <![CDATA[[TestResult name=statusCodeTest status=SUCCESS method=CVIMultiplInvkeMtngPauseTest.statusCodeTest(java.lang.String, java.lang.String, java.lang.String, java.lang.String, java.lang.String)[pri:0, instance:com.qa.tests.CVIMultiplInvkeMtngPauseTest@6db9f5a4] output={null}]]]>
              </value>
            </param>
          </params>
          <reporter-output>
          </reporter-output>
        </test-method> <!-- checkResults -->
      </class> <!-- com.qa.tests.CVIMultiplInvkeMtngPauseTest -->
      <class name="com.qa.tests.CVIMultiplInvkeMtngStrtTest">
        <test-method signature="contentTypeTest(java.lang.String, java.lang.String, java.lang.String, java.lang.String, java.lang.String)[pri:0, instance:com.qa.tests.CVIMultiplInvkeMtngStrtTest@10d68fcd]" started-at="2020-06-08T14:57:15Z" name="contentTypeTest" data-provider="POSTData" finished-at="2020-06-08T14:57:16Z" duration-ms="422" status="PASS">
          <params>
            <param index="0">
              <value>
                <![CDATA[/cvi/dm/api/v1/invoke/intent/json]]>
              </value>
            </param>
            <param index="1">
              <value>
                <![CDATA[application/json]]>
              </value>
            </param>
            <param index="2">
              <value>
                <![CDATA[application/json]]>
              </value>
            </param>
            <param index="3">
              <value>
                <![CDATA[b507d7ad-9e14-4a26-a3b5-0cc4ec2a2da9]]>
              </value>
            </param>
            <param index="4">
              <value>
                <![CDATA[{
  "entities":{
    "meeting_title":[
      {
        "literal":"Toronto"
      }
    ]
  },
  "intent":"MEETING__START"
}]]>
              </value>
            </param>
          </params>
          <reporter-output>
          </reporter-output>
        </test-method> <!-- contentTypeTest -->
        <test-method is-config="true" signature="checkResults(org.testng.ITestResult)[pri:0, instance:com.qa.tests.CVIMultiplInvkeMtngStrtTest@10d68fcd]" started-at="2020-06-08T14:57:16Z" name="checkResults" finished-at="2020-06-08T14:57:16Z" duration-ms="7" status="PASS">
          <params>
            <param index="0">
              <value>
                <![CDATA[[TestResult name=contentTypeTest status=SUCCESS method=CVIMultiplInvkeMtngStrtTest.contentTypeTest(java.lang.String, java.lang.String, java.lang.String, java.lang.String, java.lang.String)[pri:0, instance:com.qa.tests.CVIMultiplInvkeMtngStrtTest@10d68fcd] output={null}]]]>
              </value>
            </param>
          </params>
          <reporter-output>
          </reporter-output>
        </test-method> <!-- checkResults -->
        <test-method signature="contentTypeTest(java.lang.String, java.lang.String, java.lang.String, java.lang.String, java.lang.String)[pri:0, instance:com.qa.tests.CVIMultiplInvkeMtngStrtTest@10d68fcd]" started-at="2020-06-08T14:57:16Z" name="contentTypeTest" data-provider="POSTData" finished-at="2020-06-08T14:57:16Z" duration-ms="586" status="PASS">
          <params>
            <param index="0">
              <value>
                <![CDATA[/cvi/dm/api/v1/invoke/intent/json]]>
              </value>
            </param>
            <param index="1">
              <value>
                <![CDATA[application/json]]>
              </value>
            </param>
            <param index="2">
              <value>
                <![CDATA[application/json]]>
              </value>
            </param>
            <param index="3">
              <value>
                <![CDATA[b507d7ad-9e14-4a26-a3b5-0cc4ec2a2da9]]>
              </value>
            </param>
            <param index="4">
              <value>
                <![CDATA[{
  "entities":{
    "meeting_title":[
      {
        "literal":"Messe"
      }
    ]
  },
  "intent":"MEETING__START"
}]]>
              </value>
            </param>
          </params>
          <reporter-output>
          </reporter-output>
        </test-method> <!-- contentTypeTest -->
        <test-method is-config="true" signature="checkResults(org.testng.ITestResult)[pri:0, instance:com.qa.tests.CVIMultiplInvkeMtngStrtTest@10d68fcd]" started-at="2020-06-08T14:57:16Z" name="checkResults" finished-at="2020-06-08T14:57:16Z" duration-ms="0" status="PASS">
          <params>
            <param index="0">
              <value>
                <![CDATA[[TestResult name=contentTypeTest status=SUCCESS method=CVIMultiplInvkeMtngStrtTest.contentTypeTest(java.lang.String, java.lang.String, java.lang.String, java.lang.String, java.lang.String)[pri:0, instance:com.qa.tests.CVIMultiplInvkeMtngStrtTest@10d68fcd] output={null}]]]>
              </value>
            </param>
          </params>
          <reporter-output>
          </reporter-output>
        </test-method> <!-- checkResults -->
        <test-method signature="responseBodyTest(java.lang.String, java.lang.String, java.lang.String, java.lang.String, java.lang.String)[pri:0, instance:com.qa.tests.CVIMultiplInvkeMtngStrtTest@10d68fcd]" started-at="2020-06-08T14:57:17Z" name="responseBodyTest" data-provider="POSTData" finished-at="2020-06-08T14:57:17Z" duration-ms="284" status="PASS">
          <params>
            <param index="0">
              <value>
                <![CDATA[/cvi/dm/api/v1/invoke/intent/json]]>
              </value>
            </param>
            <param index="1">
              <value>
                <![CDATA[application/json]]>
              </value>
            </param>
            <param index="2">
              <value>
                <![CDATA[application/json]]>
              </value>
            </param>
            <param index="3">
              <value>
                <![CDATA[b507d7ad-9e14-4a26-a3b5-0cc4ec2a2da9]]>
              </value>
            </param>
            <param index="4">
              <value>
                <![CDATA[{
  "entities":{
    "meeting_title":[
      {
        "literal":"Toronto"
      }
    ]
  },
  "intent":"MEETING__START"
}]]>
              </value>
            </param>
          </params>
          <reporter-output>
          </reporter-output>
        </test-method> <!-- responseBodyTest -->
        <test-method is-config="true" signature="checkResults(org.testng.ITestResult)[pri:0, instance:com.qa.tests.CVIMultiplInvkeMtngStrtTest@10d68fcd]" started-at="2020-06-08T14:57:17Z" name="checkResults" finished-at="2020-06-08T14:57:17Z" duration-ms="1" status="PASS">
          <params>
            <param index="0">
              <value>
                <![CDATA[[TestResult name=responseBodyTest status=SUCCESS method=CVIMultiplInvkeMtngStrtTest.responseBodyTest(java.lang.String, java.lang.String, java.lang.String, java.lang.String, java.lang.String)[pri:0, instance:com.qa.tests.CVIMultiplInvkeMtngStrtTest@10d68fcd] output={null}]]]>
              </value>
            </param>
          </params>
          <reporter-output>
          </reporter-output>
        </test-method> <!-- checkResults -->
        <test-method signature="responseBodyTest(java.lang.String, java.lang.String, java.lang.String, java.lang.String, java.lang.String)[pri:0, instance:com.qa.tests.CVIMultiplInvkeMtngStrtTest@10d68fcd]" started-at="2020-06-08T14:57:17Z" name="responseBodyTest" data-provider="POSTData" finished-at="2020-06-08T14:57:18Z" duration-ms="597" status="PASS">
          <params>
            <param index="0">
              <value>
                <![CDATA[/cvi/dm/api/v1/invoke/intent/json]]>
              </value>
            </param>
            <param index="1">
              <value>
                <![CDATA[application/json]]>
              </value>
            </param>
            <param index="2">
              <value>
                <![CDATA[application/json]]>
              </value>
            </param>
            <param index="3">
              <value>
                <![CDATA[b507d7ad-9e14-4a26-a3b5-0cc4ec2a2da9]]>
              </value>
            </param>
            <param index="4">
              <value>
                <![CDATA[{
  "entities":{
    "meeting_title":[
      {
        "literal":"Messe"
      }
    ]
  },
  "intent":"MEETING__START"
}]]>
              </value>
            </param>
          </params>
          <reporter-output>
          </reporter-output>
        </test-method> <!-- responseBodyTest -->
        <test-method is-config="true" signature="checkResults(org.testng.ITestResult)[pri:0, instance:com.qa.tests.CVIMultiplInvkeMtngStrtTest@10d68fcd]" started-at="2020-06-08T14:57:18Z" name="checkResults" finished-at="2020-06-08T14:57:18Z" duration-ms="0" status="PASS">
          <params>
            <param index="0">
              <value>
                <![CDATA[[TestResult name=responseBodyTest status=SUCCESS method=CVIMultiplInvkeMtngStrtTest.responseBodyTest(java.lang.String, java.lang.String, java.lang.String, java.lang.String, java.lang.String)[pri:0, instance:com.qa.tests.CVIMultiplInvkeMtngStrtTest@10d68fcd] output={null}]]]>
              </value>
            </param>
          </params>
          <reporter-output>
          </reporter-output>
        </test-method> <!-- checkResults -->
        <test-method signature="responseTimeTest(java.lang.String, java.lang.String, java.lang.String, java.lang.String, java.lang.String)[pri:0, instance:com.qa.tests.CVIMultiplInvkeMtngStrtTest@10d68fcd]" started-at="2020-06-08T14:57:18Z" name="responseTimeTest" data-provider="POSTData" finished-at="2020-06-08T14:57:18Z" duration-ms="442" status="PASS">
          <params>
            <param index="0">
              <value>
                <![CDATA[/cvi/dm/api/v1/invoke/intent/json]]>
              </value>
            </param>
            <param index="1">
              <value>
                <![CDATA[application/json]]>
              </value>
            </param>
            <param index="2">
              <value>
                <![CDATA[application/json]]>
              </value>
            </param>
            <param index="3">
              <value>
                <![CDATA[b507d7ad-9e14-4a26-a3b5-0cc4ec2a2da9]]>
              </value>
            </param>
            <param index="4">
              <value>
                <![CDATA[{
  "entities":{
    "meeting_title":[
      {
        "literal":"Toronto"
      }
    ]
  },
  "intent":"MEETING__START"
}]]>
              </value>
            </param>
          </params>
          <reporter-output>
          </reporter-output>
        </test-method> <!-- responseTimeTest -->
        <test-method is-config="true" signature="checkResults(org.testng.ITestResult)[pri:0, instance:com.qa.tests.CVIMultiplInvkeMtngStrtTest@10d68fcd]" started-at="2020-06-08T14:57:18Z" name="checkResults" finished-at="2020-06-08T14:57:18Z" duration-ms="1" status="PASS">
          <params>
            <param index="0">
              <value>
                <![CDATA[[TestResult name=responseTimeTest status=SUCCESS method=CVIMultiplInvkeMtngStrtTest.responseTimeTest(java.lang.String, java.lang.String, java.lang.String, java.lang.String, java.lang.String)[pri:0, instance:com.qa.tests.CVIMultiplInvkeMtngStrtTest@10d68fcd] output={null}]]]>
              </value>
            </param>
          </params>
          <reporter-output>
          </reporter-output>
        </test-method> <!-- checkResults -->
        <test-method signature="responseTimeTest(java.lang.String, java.lang.String, java.lang.String, java.lang.String, java.lang.String)[pri:0, instance:com.qa.tests.CVIMultiplInvkeMtngStrtTest@10d68fcd]" started-at="2020-06-08T14:57:18Z" name="responseTimeTest" data-provider="POSTData" finished-at="2020-06-08T14:57:19Z" duration-ms="490" status="PASS">
          <params>
            <param index="0">
              <value>
                <![CDATA[/cvi/dm/api/v1/invoke/intent/json]]>
              </value>
            </param>
            <param index="1">
              <value>
                <![CDATA[application/json]]>
              </value>
            </param>
            <param index="2">
              <value>
                <![CDATA[application/json]]>
              </value>
            </param>
            <param index="3">
              <value>
                <![CDATA[b507d7ad-9e14-4a26-a3b5-0cc4ec2a2da9]]>
              </value>
            </param>
            <param index="4">
              <value>
                <![CDATA[{
  "entities":{
    "meeting_title":[
      {
        "literal":"Messe"
      }
    ]
  },
  "intent":"MEETING__START"
}]]>
              </value>
            </param>
          </params>
          <reporter-output>
          </reporter-output>
        </test-method> <!-- responseTimeTest -->
        <test-method is-config="true" signature="checkResults(org.testng.ITestResult)[pri:0, instance:com.qa.tests.CVIMultiplInvkeMtngStrtTest@10d68fcd]" started-at="2020-06-08T14:57:19Z" name="checkResults" finished-at="2020-06-08T14:57:19Z" duration-ms="1" status="PASS">
          <params>
            <param index="0">
              <value>
                <![CDATA[[TestResult name=responseTimeTest status=SUCCESS method=CVIMultiplInvkeMtngStrtTest.responseTimeTest(java.lang.String, java.lang.String, java.lang.String, java.lang.String, java.lang.String)[pri:0, instance:com.qa.tests.CVIMultiplInvkeMtngStrtTest@10d68fcd] output={null}]]]>
              </value>
            </param>
          </params>
          <reporter-output>
          </reporter-output>
        </test-method> <!-- checkResults -->
        <test-method signature="statusCodeTest(java.lang.String, java.lang.String, java.lang.String, java.lang.String, java.lang.String)[pri:0, instance:com.qa.tests.CVIMultiplInvkeMtngStrtTest@10d68fcd]" started-at="2020-06-08T14:57:19Z" name="statusCodeTest" data-provider="POSTData" finished-at="2020-06-08T14:57:19Z" duration-ms="277" status="PASS">
          <params>
            <param index="0">
              <value>
                <![CDATA[/cvi/dm/api/v1/invoke/intent/json]]>
              </value>
            </param>
            <param index="1">
              <value>
                <![CDATA[application/json]]>
              </value>
            </param>
            <param index="2">
              <value>
                <![CDATA[application/json]]>
              </value>
            </param>
            <param index="3">
              <value>
                <![CDATA[b507d7ad-9e14-4a26-a3b5-0cc4ec2a2da9]]>
              </value>
            </param>
            <param index="4">
              <value>
                <![CDATA[{
  "entities":{
    "meeting_title":[
      {
        "literal":"Toronto"
      }
    ]
  },
  "intent":"MEETING__START"
}]]>
              </value>
            </param>
          </params>
          <reporter-output>
          </reporter-output>
        </test-method> <!-- statusCodeTest -->
        <test-method is-config="true" signature="checkResults(org.testng.ITestResult)[pri:0, instance:com.qa.tests.CVIMultiplInvkeMtngStrtTest@10d68fcd]" started-at="2020-06-08T14:57:19Z" name="checkResults" finished-at="2020-06-08T14:57:19Z" duration-ms="1" status="PASS">
          <params>
            <param index="0">
              <value>
                <![CDATA[[TestResult name=statusCodeTest status=SUCCESS method=CVIMultiplInvkeMtngStrtTest.statusCodeTest(java.lang.String, java.lang.String, java.lang.String, java.lang.String, java.lang.String)[pri:0, instance:com.qa.tests.CVIMultiplInvkeMtngStrtTest@10d68fcd] output={null}]]]>
              </value>
            </param>
          </params>
          <reporter-output>
          </reporter-output>
        </test-method> <!-- checkResults -->
        <test-method signature="statusCodeTest(java.lang.String, java.lang.String, java.lang.String, java.lang.String, java.lang.String)[pri:0, instance:com.qa.tests.CVIMultiplInvkeMtngStrtTest@10d68fcd]" started-at="2020-06-08T14:57:19Z" name="statusCodeTest" data-provider="POSTData" finished-at="2020-06-08T14:57:20Z" duration-ms="586" status="PASS">
          <params>
            <param index="0">
              <value>
                <![CDATA[/cvi/dm/api/v1/invoke/intent/json]]>
              </value>
            </param>
            <param index="1">
              <value>
                <![CDATA[application/json]]>
              </value>
            </param>
            <param index="2">
              <value>
                <![CDATA[application/json]]>
              </value>
            </param>
            <param index="3">
              <value>
                <![CDATA[b507d7ad-9e14-4a26-a3b5-0cc4ec2a2da9]]>
              </value>
            </param>
            <param index="4">
              <value>
                <![CDATA[{
  "entities":{
    "meeting_title":[
      {
        "literal":"Messe"
      }
    ]
  },
  "intent":"MEETING__START"
}]]>
              </value>
            </param>
          </params>
          <reporter-output>
          </reporter-output>
        </test-method> <!-- statusCodeTest -->
        <test-method is-config="true" signature="checkResults(org.testng.ITestResult)[pri:0, instance:com.qa.tests.CVIMultiplInvkeMtngStrtTest@10d68fcd]" started-at="2020-06-08T14:57:20Z" name="checkResults" finished-at="2020-06-08T14:57:20Z" duration-ms="0" status="PASS">
          <params>
            <param index="0">
              <value>
                <![CDATA[[TestResult name=statusCodeTest status=SUCCESS method=CVIMultiplInvkeMtngStrtTest.statusCodeTest(java.lang.String, java.lang.String, java.lang.String, java.lang.String, java.lang.String)[pri:0, instance:com.qa.tests.CVIMultiplInvkeMtngStrtTest@10d68fcd] output={null}]]]>
              </value>
            </param>
          </params>
          <reporter-output>
          </reporter-output>
        </test-method> <!-- checkResults -->
      </class> <!-- com.qa.tests.CVIMultiplInvkeMtngStrtTest -->
      <class name="com.qa.tests.CVIInvkeViaTxt">
        <test-method signature="contentTypeTest(java.lang.String, java.lang.String, java.lang.String, java.lang.String, java.lang.String)[pri:0, instance:com.qa.tests.CVIInvkeViaTxt@7b02881e]" started-at="2020-06-08T14:57:27Z" name="contentTypeTest" data-provider="POSTData" finished-at="2020-06-08T14:57:27Z" duration-ms="357" status="PASS">
          <params>
            <param index="0">
              <value>
                <![CDATA[/cvi/dm/api/v1/invoke/text/json?intent=true&skill=true]]>
              </value>
            </param>
            <param index="1">
              <value>
                <![CDATA[application/json]]>
              </value>
            </param>
            <param index="2">
              <value>
                <![CDATA[application/json]]>
              </value>
            </param>
            <param index="3">
              <value>
                <![CDATA[b507d7ad-9e14-4a26-a3b5-0cc4ec2a2da9]]>
              </value>
            </param>
            <param index="4">
              <value>
                <![CDATA[{
  "text": "starte das toronto meeting"
}]]>
              </value>
            </param>
          </params>
          <reporter-output>
          </reporter-output>
        </test-method> <!-- contentTypeTest -->
        <test-method is-config="true" signature="checkResults(org.testng.ITestResult)[pri:0, instance:com.qa.tests.CVIInvkeViaTxt@7b02881e]" started-at="2020-06-08T14:57:27Z" name="checkResults" finished-at="2020-06-08T14:57:27Z" duration-ms="1" status="PASS">
          <params>
            <param index="0">
              <value>
                <![CDATA[[TestResult name=contentTypeTest status=SUCCESS method=CVIInvkeViaTxt.contentTypeTest(java.lang.String, java.lang.String, java.lang.String, java.lang.String, java.lang.String)[pri:0, instance:com.qa.tests.CVIInvkeViaTxt@7b02881e] output={null}]]]>
              </value>
            </param>
          </params>
          <reporter-output>
          </reporter-output>
        </test-method> <!-- checkResults -->
        <test-method signature="contentTypeTest(java.lang.String, java.lang.String, java.lang.String, java.lang.String, java.lang.String)[pri:0, instance:com.qa.tests.CVIInvkeViaTxt@7b02881e]" started-at="2020-06-08T14:57:27Z" name="contentTypeTest" data-provider="POSTData" finished-at="2020-06-08T14:57:28Z" duration-ms="893" status="PASS">
          <params>
            <param index="0">
              <value>
                <![CDATA[/cvi/dm/api/v1/invoke/text/json?intent=true&skill=true]]>
              </value>
            </param>
            <param index="1">
              <value>
                <![CDATA[application/json]]>
              </value>
            </param>
            <param index="2">
              <value>
                <![CDATA[application/json]]>
              </value>
            </param>
            <param index="3">
              <value>
                <![CDATA[b507d7ad-9e14-4a26-a3b5-0cc4ec2a2da9]]>
              </value>
            </param>
            <param index="4">
              <value>
                <![CDATA[{
  "text": "starte das Messe meeting"
}]]>
              </value>
            </param>
          </params>
          <reporter-output>
          </reporter-output>
        </test-method> <!-- contentTypeTest -->
        <test-method is-config="true" signature="checkResults(org.testng.ITestResult)[pri:0, instance:com.qa.tests.CVIInvkeViaTxt@7b02881e]" started-at="2020-06-08T14:57:28Z" name="checkResults" finished-at="2020-06-08T14:57:28Z" duration-ms="0" status="PASS">
          <params>
            <param index="0">
              <value>
                <![CDATA[[TestResult name=contentTypeTest status=SUCCESS method=CVIInvkeViaTxt.contentTypeTest(java.lang.String, java.lang.String, java.lang.String, java.lang.String, java.lang.String)[pri:0, instance:com.qa.tests.CVIInvkeViaTxt@7b02881e] output={null}]]]>
              </value>
            </param>
          </params>
          <reporter-output>
          </reporter-output>
        </test-method> <!-- checkResults -->
        <test-method signature="responseBodyTest(java.lang.String, java.lang.String, java.lang.String, java.lang.String, java.lang.String)[pri:0, instance:com.qa.tests.CVIInvkeViaTxt@7b02881e]" started-at="2020-06-08T14:57:28Z" name="responseBodyTest" data-provider="POSTData" finished-at="2020-06-08T14:57:29Z" duration-ms="362" status="PASS">
          <params>
            <param index="0">
              <value>
                <![CDATA[/cvi/dm/api/v1/invoke/text/json?intent=true&skill=true]]>
              </value>
            </param>
            <param index="1">
              <value>
                <![CDATA[application/json]]>
              </value>
            </param>
            <param index="2">
              <value>
                <![CDATA[application/json]]>
              </value>
            </param>
            <param index="3">
              <value>
                <![CDATA[b507d7ad-9e14-4a26-a3b5-0cc4ec2a2da9]]>
              </value>
            </param>
            <param index="4">
              <value>
                <![CDATA[{
  "text": "starte das toronto meeting"
}]]>
              </value>
            </param>
          </params>
          <reporter-output>
          </reporter-output>
        </test-method> <!-- responseBodyTest -->
        <test-method is-config="true" signature="checkResults(org.testng.ITestResult)[pri:0, instance:com.qa.tests.CVIInvkeViaTxt@7b02881e]" started-at="2020-06-08T14:57:29Z" name="checkResults" finished-at="2020-06-08T14:57:29Z" duration-ms="1" status="PASS">
          <params>
            <param index="0">
              <value>
                <![CDATA[[TestResult name=responseBodyTest status=SUCCESS method=CVIInvkeViaTxt.responseBodyTest(java.lang.String, java.lang.String, java.lang.String, java.lang.String, java.lang.String)[pri:0, instance:com.qa.tests.CVIInvkeViaTxt@7b02881e] output={null}]]]>
              </value>
            </param>
          </params>
          <reporter-output>
          </reporter-output>
        </test-method> <!-- checkResults -->
        <test-method signature="responseBodyTest(java.lang.String, java.lang.String, java.lang.String, java.lang.String, java.lang.String)[pri:0, instance:com.qa.tests.CVIInvkeViaTxt@7b02881e]" started-at="2020-06-08T14:57:29Z" name="responseBodyTest" data-provider="POSTData" finished-at="2020-06-08T14:57:29Z" duration-ms="505" status="PASS">
          <params>
            <param index="0">
              <value>
                <![CDATA[/cvi/dm/api/v1/invoke/text/json?intent=true&skill=true]]>
              </value>
            </param>
            <param index="1">
              <value>
                <![CDATA[application/json]]>
              </value>
            </param>
            <param index="2">
              <value>
                <![CDATA[application/json]]>
              </value>
            </param>
            <param index="3">
              <value>
                <![CDATA[b507d7ad-9e14-4a26-a3b5-0cc4ec2a2da9]]>
              </value>
            </param>
            <param index="4">
              <value>
                <![CDATA[{
  "text": "starte das Messe meeting"
}]]>
              </value>
            </param>
          </params>
          <reporter-output>
          </reporter-output>
        </test-method> <!-- responseBodyTest -->
        <test-method is-config="true" signature="checkResults(org.testng.ITestResult)[pri:0, instance:com.qa.tests.CVIInvkeViaTxt@7b02881e]" started-at="2020-06-08T14:57:29Z" name="checkResults" finished-at="2020-06-08T14:57:29Z" duration-ms="0" status="PASS">
          <params>
            <param index="0">
              <value>
                <![CDATA[[TestResult name=responseBodyTest status=SUCCESS method=CVIInvkeViaTxt.responseBodyTest(java.lang.String, java.lang.String, java.lang.String, java.lang.String, java.lang.String)[pri:0, instance:com.qa.tests.CVIInvkeViaTxt@7b02881e] output={null}]]]>
              </value>
            </param>
          </params>
          <reporter-output>
          </reporter-output>
        </test-method> <!-- checkResults -->
        <test-method signature="responseTimeTest(java.lang.String, java.lang.String, java.lang.String, java.lang.String, java.lang.String)[pri:0, instance:com.qa.tests.CVIInvkeViaTxt@7b02881e]" started-at="2020-06-08T14:57:29Z" name="responseTimeTest" data-provider="POSTData" finished-at="2020-06-08T14:57:30Z" duration-ms="352" status="PASS">
          <params>
            <param index="0">
              <value>
                <![CDATA[/cvi/dm/api/v1/invoke/text/json?intent=true&skill=true]]>
              </value>
            </param>
            <param index="1">
              <value>
                <![CDATA[application/json]]>
              </value>
            </param>
            <param index="2">
              <value>
                <![CDATA[application/json]]>
              </value>
            </param>
            <param index="3">
              <value>
                <![CDATA[b507d7ad-9e14-4a26-a3b5-0cc4ec2a2da9]]>
              </value>
            </param>
            <param index="4">
              <value>
                <![CDATA[{
  "text": "starte das toronto meeting"
}]]>
              </value>
            </param>
          </params>
          <reporter-output>
          </reporter-output>
        </test-method> <!-- responseTimeTest -->
        <test-method is-config="true" signature="checkResults(org.testng.ITestResult)[pri:0, instance:com.qa.tests.CVIInvkeViaTxt@7b02881e]" started-at="2020-06-08T14:57:30Z" name="checkResults" finished-at="2020-06-08T14:57:30Z" duration-ms="1" status="PASS">
          <params>
            <param index="0">
              <value>
                <![CDATA[[TestResult name=responseTimeTest status=SUCCESS method=CVIInvkeViaTxt.responseTimeTest(java.lang.String, java.lang.String, java.lang.String, java.lang.String, java.lang.String)[pri:0, instance:com.qa.tests.CVIInvkeViaTxt@7b02881e] output={null}]]]>
              </value>
            </param>
          </params>
          <reporter-output>
          </reporter-output>
        </test-method> <!-- checkResults -->
        <test-method signature="responseTimeTest(java.lang.String, java.lang.String, java.lang.String, java.lang.String, java.lang.String)[pri:0, instance:com.qa.tests.CVIInvkeViaTxt@7b02881e]" started-at="2020-06-08T14:57:30Z" name="responseTimeTest" data-provider="POSTData" finished-at="2020-06-08T14:57:30Z" duration-ms="588" status="PASS">
          <params>
            <param index="0">
              <value>
                <![CDATA[/cvi/dm/api/v1/invoke/text/json?intent=true&skill=true]]>
              </value>
            </param>
            <param index="1">
              <value>
                <![CDATA[application/json]]>
              </value>
            </param>
            <param index="2">
              <value>
                <![CDATA[application/json]]>
              </value>
            </param>
            <param index="3">
              <value>
                <![CDATA[b507d7ad-9e14-4a26-a3b5-0cc4ec2a2da9]]>
              </value>
            </param>
            <param index="4">
              <value>
                <![CDATA[{
  "text": "starte das Messe meeting"
}]]>
              </value>
            </param>
          </params>
          <reporter-output>
          </reporter-output>
        </test-method> <!-- responseTimeTest -->
        <test-method is-config="true" signature="checkResults(org.testng.ITestResult)[pri:0, instance:com.qa.tests.CVIInvkeViaTxt@7b02881e]" started-at="2020-06-08T14:57:30Z" name="checkResults" finished-at="2020-06-08T14:57:30Z" duration-ms="1" status="PASS">
          <params>
            <param index="0">
              <value>
                <![CDATA[[TestResult name=responseTimeTest status=SUCCESS method=CVIInvkeViaTxt.responseTimeTest(java.lang.String, java.lang.String, java.lang.String, java.lang.String, java.lang.String)[pri:0, instance:com.qa.tests.CVIInvkeViaTxt@7b02881e] output={null}]]]>
              </value>
            </param>
          </params>
          <reporter-output>
          </reporter-output>
        </test-method> <!-- checkResults -->
        <test-method signature="statusCodeTest(java.lang.String, java.lang.String, java.lang.String, java.lang.String, java.lang.String)[pri:0, instance:com.qa.tests.CVIInvkeViaTxt@7b02881e]" started-at="2020-06-08T14:57:30Z" name="statusCodeTest" data-provider="POSTData" finished-at="2020-06-08T14:57:31Z" duration-ms="466" status="PASS">
          <params>
            <param index="0">
              <value>
                <![CDATA[/cvi/dm/api/v1/invoke/text/json?intent=true&skill=true]]>
              </value>
            </param>
            <param index="1">
              <value>
                <![CDATA[application/json]]>
              </value>
            </param>
            <param index="2">
              <value>
                <![CDATA[application/json]]>
              </value>
            </param>
            <param index="3">
              <value>
                <![CDATA[b507d7ad-9e14-4a26-a3b5-0cc4ec2a2da9]]>
              </value>
            </param>
            <param index="4">
              <value>
                <![CDATA[{
  "text": "starte das toronto meeting"
}]]>
              </value>
            </param>
          </params>
          <reporter-output>
          </reporter-output>
        </test-method> <!-- statusCodeTest -->
        <test-method is-config="true" signature="checkResults(org.testng.ITestResult)[pri:0, instance:com.qa.tests.CVIInvkeViaTxt@7b02881e]" started-at="2020-06-08T14:57:31Z" name="checkResults" finished-at="2020-06-08T14:57:31Z" duration-ms="0" status="PASS">
          <params>
            <param index="0">
              <value>
                <![CDATA[[TestResult name=statusCodeTest status=SUCCESS method=CVIInvkeViaTxt.statusCodeTest(java.lang.String, java.lang.String, java.lang.String, java.lang.String, java.lang.String)[pri:0, instance:com.qa.tests.CVIInvkeViaTxt@7b02881e] output={null}]]]>
              </value>
            </param>
          </params>
          <reporter-output>
          </reporter-output>
        </test-method> <!-- checkResults -->
        <test-method signature="statusCodeTest(java.lang.String, java.lang.String, java.lang.String, java.lang.String, java.lang.String)[pri:0, instance:com.qa.tests.CVIInvkeViaTxt@7b02881e]" started-at="2020-06-08T14:57:31Z" name="statusCodeTest" data-provider="POSTData" finished-at="2020-06-08T14:57:31Z" duration-ms="497" status="PASS">
          <params>
            <param index="0">
              <value>
                <![CDATA[/cvi/dm/api/v1/invoke/text/json?intent=true&skill=true]]>
              </value>
            </param>
            <param index="1">
              <value>
                <![CDATA[application/json]]>
              </value>
            </param>
            <param index="2">
              <value>
                <![CDATA[application/json]]>
              </value>
            </param>
            <param index="3">
              <value>
                <![CDATA[b507d7ad-9e14-4a26-a3b5-0cc4ec2a2da9]]>
              </value>
            </param>
            <param index="4">
              <value>
                <![CDATA[{
  "text": "starte das Messe meeting"
}]]>
              </value>
            </param>
          </params>
          <reporter-output>
          </reporter-output>
        </test-method> <!-- statusCodeTest -->
        <test-method is-config="true" signature="checkResults(org.testng.ITestResult)[pri:0, instance:com.qa.tests.CVIInvkeViaTxt@7b02881e]" started-at="2020-06-08T14:57:31Z" name="checkResults" finished-at="2020-06-08T14:57:31Z" duration-ms="1" status="PASS">
          <params>
            <param index="0">
              <value>
                <![CDATA[[TestResult name=statusCodeTest status=SUCCESS method=CVIInvkeViaTxt.statusCodeTest(java.lang.String, java.lang.String, java.lang.String, java.lang.String, java.lang.String)[pri:0, instance:com.qa.tests.CVIInvkeViaTxt@7b02881e] output={null}]]]>
              </value>
            </param>
          </params>
          <reporter-output>
          </reporter-output>
        </test-method> <!-- checkResults -->
        <test-method is-config="true" signature="teardown()[pri:0, instance:com.qa.tests.CVIInvkeViaTxt@7b02881e]" started-at="2020-06-08T14:57:31Z" name="teardown" finished-at="2020-06-08T14:57:32Z" duration-ms="304" status="PASS">
          <reporter-output>
          </reporter-output>
        </test-method> <!-- teardown -->
        <test-method is-config="true" signature="teardown()[pri:0, instance:com.qa.tests.CVIMultiplInvkeMtngEndTest@117e949d]" started-at="2020-06-08T14:57:32Z" name="teardown" finished-at="2020-06-08T14:57:32Z" duration-ms="18" status="PASS">
          <reporter-output>
          </reporter-output>
        </test-method> <!-- teardown -->
        <test-method is-config="true" signature="teardown()[pri:0, instance:com.qa.tests.CVIMultiplInvkeMtngPauseTest@6db9f5a4]" started-at="2020-06-08T14:57:32Z" name="teardown" finished-at="2020-06-08T14:57:32Z" duration-ms="14" status="PASS">
          <reporter-output>
          </reporter-output>
        </test-method> <!-- teardown -->
        <test-method is-config="true" signature="teardown()[pri:0, instance:com.qa.tests.CVIMultiplInvkeMtngResumTest@5f8edcc5]" started-at="2020-06-08T14:57:32Z" name="teardown" finished-at="2020-06-08T14:57:32Z" duration-ms="14" status="PASS">
          <reporter-output>
          </reporter-output>
        </test-method> <!-- teardown -->
        <test-method is-config="true" signature="teardown()[pri:0, instance:com.qa.tests.CVIMultiplInvkeMtngStrtTest@10d68fcd]" started-at="2020-06-08T14:57:32Z" name="teardown" finished-at="2020-06-08T14:57:32Z" duration-ms="11" status="PASS">
          <reporter-output>
          </reporter-output>
        </test-method> <!-- teardown -->
      </class> <!-- com.qa.tests.CVIInvkeViaTxt -->
      <class name="com.qa.tests.CVIMultiplInvkeMtngResumTest">
        <test-method signature="contentTypeTest(java.lang.String, java.lang.String, java.lang.String, java.lang.String, java.lang.String)[pri:0, instance:com.qa.tests.CVIMultiplInvkeMtngResumTest@5f8edcc5]" started-at="2020-06-08T14:57:24Z" name="contentTypeTest" data-provider="POSTData" finished-at="2020-06-08T14:57:25Z" duration-ms="161" status="PASS">
          <params>
            <param index="0">
              <value>
                <![CDATA[/cvi/dm/api/v1/invoke/intent/json]]>
              </value>
            </param>
            <param index="1">
              <value>
                <![CDATA[application/json]]>
              </value>
            </param>
            <param index="2">
              <value>
                <![CDATA[application/json]]>
              </value>
            </param>
            <param index="3">
              <value>
                <![CDATA[b507d7ad-9e14-4a26-a3b5-0cc4ec2a2da9]]>
              </value>
            </param>
            <param index="4">
              <value>
                <![CDATA[{
  "entities":{
    "meeting_title":[
      {
        "literal":"Toronto"
      }
    ]
  },
  "intent":"MEETING__RESUME"
}]]>
              </value>
            </param>
          </params>
          <reporter-output>
          </reporter-output>
        </test-method> <!-- contentTypeTest -->
        <test-method signature="contentTypeTest(java.lang.String, java.lang.String, java.lang.String, java.lang.String, java.lang.String)[pri:0, instance:com.qa.tests.CVIMultiplInvkeMtngResumTest@5f8edcc5]" started-at="2020-06-08T14:57:25Z" name="contentTypeTest" data-provider="POSTData" finished-at="2020-06-08T14:57:25Z" duration-ms="208" status="PASS">
          <params>
            <param index="0">
              <value>
                <![CDATA[/cvi/dm/api/v1/invoke/intent/json]]>
              </value>
            </param>
            <param index="1">
              <value>
                <![CDATA[application/json]]>
              </value>
            </param>
            <param index="2">
              <value>
                <![CDATA[application/json]]>
              </value>
            </param>
            <param index="3">
              <value>
                <![CDATA[b507d7ad-9e14-4a26-a3b5-0cc4ec2a2da9]]>
              </value>
            </param>
            <param index="4">
              <value>
                <![CDATA[{
  "entities":{
    "meeting_title":[
      {
        "literal":"Messe"
      }
    ]
  },
  "intent":"MEETING__RESUME"
}]]>
              </value>
            </param>
          </params>
          <reporter-output>
          </reporter-output>
        </test-method> <!-- contentTypeTest -->
        <test-method is-config="true" signature="checkResults(org.testng.ITestResult)[pri:0, instance:com.qa.tests.CVIMultiplInvkeMtngResumTest@5f8edcc5]" started-at="2020-06-08T14:57:25Z" name="checkResults" finished-at="2020-06-08T14:57:25Z" duration-ms="0" status="PASS">
          <params>
            <param index="0">
              <value>
                <![CDATA[[TestResult name=contentTypeTest status=SUCCESS method=CVIMultiplInvkeMtngResumTest.contentTypeTest(java.lang.String, java.lang.String, java.lang.String, java.lang.String, java.lang.String)[pri:0, instance:com.qa.tests.CVIMultiplInvkeMtngResumTest@5f8edcc5] output={null}]]]>
              </value>
            </param>
          </params>
          <reporter-output>
          </reporter-output>
        </test-method> <!-- checkResults -->
        <test-method is-config="true" signature="checkResults(org.testng.ITestResult)[pri:0, instance:com.qa.tests.CVIMultiplInvkeMtngResumTest@5f8edcc5]" started-at="2020-06-08T14:57:25Z" name="checkResults" finished-at="2020-06-08T14:57:25Z" duration-ms="0" status="PASS">
          <params>
            <param index="0">
              <value>
                <![CDATA[[TestResult name=contentTypeTest status=SUCCESS method=CVIMultiplInvkeMtngResumTest.contentTypeTest(java.lang.String, java.lang.String, java.lang.String, java.lang.String, java.lang.String)[pri:0, instance:com.qa.tests.CVIMultiplInvkeMtngResumTest@5f8edcc5] output={null}]]]>
              </value>
            </param>
          </params>
          <reporter-output>
          </reporter-output>
        </test-method> <!-- checkResults -->
        <test-method signature="responseBodyTest(java.lang.String, java.lang.String, java.lang.String, java.lang.String, java.lang.String)[pri:0, instance:com.qa.tests.CVIMultiplInvkeMtngResumTest@5f8edcc5]" started-at="2020-06-08T14:57:25Z" name="responseBodyTest" data-provider="POSTData" finished-at="2020-06-08T14:57:25Z" duration-ms="170" status="PASS">
          <params>
            <param index="0">
              <value>
                <![CDATA[/cvi/dm/api/v1/invoke/intent/json]]>
              </value>
            </param>
            <param index="1">
              <value>
                <![CDATA[application/json]]>
              </value>
            </param>
            <param index="2">
              <value>
                <![CDATA[application/json]]>
              </value>
            </param>
            <param index="3">
              <value>
                <![CDATA[b507d7ad-9e14-4a26-a3b5-0cc4ec2a2da9]]>
              </value>
            </param>
            <param index="4">
              <value>
                <![CDATA[{
  "entities":{
    "meeting_title":[
      {
        "literal":"Toronto"
      }
    ]
  },
  "intent":"MEETING__RESUME"
}]]>
              </value>
            </param>
          </params>
          <reporter-output>
          </reporter-output>
        </test-method> <!-- responseBodyTest -->
        <test-method is-config="true" signature="checkResults(org.testng.ITestResult)[pri:0, instance:com.qa.tests.CVIMultiplInvkeMtngResumTest@5f8edcc5]" started-at="2020-06-08T14:57:25Z" name="checkResults" finished-at="2020-06-08T14:57:25Z" duration-ms="1" status="PASS">
          <params>
            <param index="0">
              <value>
                <![CDATA[[TestResult name=responseBodyTest status=SUCCESS method=CVIMultiplInvkeMtngResumTest.responseBodyTest(java.lang.String, java.lang.String, java.lang.String, java.lang.String, java.lang.String)[pri:0, instance:com.qa.tests.CVIMultiplInvkeMtngResumTest@5f8edcc5] output={null}]]]>
              </value>
            </param>
          </params>
          <reporter-output>
          </reporter-output>
        </test-method> <!-- checkResults -->
        <test-method signature="responseBodyTest(java.lang.String, java.lang.String, java.lang.String, java.lang.String, java.lang.String)[pri:0, instance:com.qa.tests.CVIMultiplInvkeMtngResumTest@5f8edcc5]" started-at="2020-06-08T14:57:25Z" name="responseBodyTest" data-provider="POSTData" finished-at="2020-06-08T14:57:25Z" duration-ms="301" status="PASS">
          <params>
            <param index="0">
              <value>
                <![CDATA[/cvi/dm/api/v1/invoke/intent/json]]>
              </value>
            </param>
            <param index="1">
              <value>
                <![CDATA[application/json]]>
              </value>
            </param>
            <param index="2">
              <value>
                <![CDATA[application/json]]>
              </value>
            </param>
            <param index="3">
              <value>
                <![CDATA[b507d7ad-9e14-4a26-a3b5-0cc4ec2a2da9]]>
              </value>
            </param>
            <param index="4">
              <value>
                <![CDATA[{
  "entities":{
    "meeting_title":[
      {
        "literal":"Messe"
      }
    ]
  },
  "intent":"MEETING__RESUME"
}]]>
              </value>
            </param>
          </params>
          <reporter-output>
          </reporter-output>
        </test-method> <!-- responseBodyTest -->
        <test-method is-config="true" signature="checkResults(org.testng.ITestResult)[pri:0, instance:com.qa.tests.CVIMultiplInvkeMtngResumTest@5f8edcc5]" started-at="2020-06-08T14:57:25Z" name="checkResults" finished-at="2020-06-08T14:57:25Z" duration-ms="1" status="PASS">
          <params>
            <param index="0">
              <value>
                <![CDATA[[TestResult name=responseBodyTest status=SUCCESS method=CVIMultiplInvkeMtngResumTest.responseBodyTest(java.lang.String, java.lang.String, java.lang.String, java.lang.String, java.lang.String)[pri:0, instance:com.qa.tests.CVIMultiplInvkeMtngResumTest@5f8edcc5] output={null}]]]>
              </value>
            </param>
          </params>
          <reporter-output>
          </reporter-output>
        </test-method> <!-- checkResults -->
        <test-method signature="responseTimeTest(java.lang.String, java.lang.String, java.lang.String, java.lang.String, java.lang.String)[pri:0, instance:com.qa.tests.CVIMultiplInvkeMtngResumTest@5f8edcc5]" started-at="2020-06-08T14:57:26Z" name="responseTimeTest" data-provider="POSTData" finished-at="2020-06-08T14:57:26Z" duration-ms="161" status="PASS">
          <params>
            <param index="0">
              <value>
                <![CDATA[/cvi/dm/api/v1/invoke/intent/json]]>
              </value>
            </param>
            <param index="1">
              <value>
                <![CDATA[application/json]]>
              </value>
            </param>
            <param index="2">
              <value>
                <![CDATA[application/json]]>
              </value>
            </param>
            <param index="3">
              <value>
                <![CDATA[b507d7ad-9e14-4a26-a3b5-0cc4ec2a2da9]]>
              </value>
            </param>
            <param index="4">
              <value>
                <![CDATA[{
  "entities":{
    "meeting_title":[
      {
        "literal":"Toronto"
      }
    ]
  },
  "intent":"MEETING__RESUME"
}]]>
              </value>
            </param>
          </params>
          <reporter-output>
          </reporter-output>
        </test-method> <!-- responseTimeTest -->
        <test-method signature="responseTimeTest(java.lang.String, java.lang.String, java.lang.String, java.lang.String, java.lang.String)[pri:0, instance:com.qa.tests.CVIMultiplInvkeMtngResumTest@5f8edcc5]" started-at="2020-06-08T14:57:26Z" name="responseTimeTest" data-provider="POSTData" finished-at="2020-06-08T14:57:26Z" duration-ms="301" status="PASS">
          <params>
            <param index="0">
              <value>
                <![CDATA[/cvi/dm/api/v1/invoke/intent/json]]>
              </value>
            </param>
            <param index="1">
              <value>
                <![CDATA[application/json]]>
              </value>
            </param>
            <param index="2">
              <value>
                <![CDATA[application/json]]>
              </value>
            </param>
            <param index="3">
              <value>
                <![CDATA[b507d7ad-9e14-4a26-a3b5-0cc4ec2a2da9]]>
              </value>
            </param>
            <param index="4">
              <value>
                <![CDATA[{
  "entities":{
    "meeting_title":[
      {
        "literal":"Messe"
      }
    ]
  },
  "intent":"MEETING__RESUME"
}]]>
              </value>
            </param>
          </params>
          <reporter-output>
          </reporter-output>
        </test-method> <!-- responseTimeTest -->
        <test-method is-config="true" signature="checkResults(org.testng.ITestResult)[pri:0, instance:com.qa.tests.CVIMultiplInvkeMtngResumTest@5f8edcc5]" started-at="2020-06-08T14:57:26Z" name="checkResults" finished-at="2020-06-08T14:57:26Z" duration-ms="0" status="PASS">
          <params>
            <param index="0">
              <value>
                <![CDATA[[TestResult name=responseTimeTest status=SUCCESS method=CVIMultiplInvkeMtngResumTest.responseTimeTest(java.lang.String, java.lang.String, java.lang.String, java.lang.String, java.lang.String)[pri:0, instance:com.qa.tests.CVIMultiplInvkeMtngResumTest@5f8edcc5] output={null}]]]>
              </value>
            </param>
          </params>
          <reporter-output>
          </reporter-output>
        </test-method> <!-- checkResults -->
        <test-method is-config="true" signature="checkResults(org.testng.ITestResult)[pri:0, instance:com.qa.tests.CVIMultiplInvkeMtngResumTest@5f8edcc5]" started-at="2020-06-08T14:57:26Z" name="checkResults" finished-at="2020-06-08T14:57:26Z" duration-ms="0" status="PASS">
          <params>
            <param index="0">
              <value>
                <![CDATA[[TestResult name=responseTimeTest status=SUCCESS method=CVIMultiplInvkeMtngResumTest.responseTimeTest(java.lang.String, java.lang.String, java.lang.String, java.lang.String, java.lang.String)[pri:0, instance:com.qa.tests.CVIMultiplInvkeMtngResumTest@5f8edcc5] output={null}]]]>
              </value>
            </param>
          </params>
          <reporter-output>
          </reporter-output>
        </test-method> <!-- checkResults -->
        <test-method signature="statusCodeTest(java.lang.String, java.lang.String, java.lang.String, java.lang.String, java.lang.String)[pri:0, instance:com.qa.tests.CVIMultiplInvkeMtngResumTest@5f8edcc5]" started-at="2020-06-08T14:57:26Z" name="statusCodeTest" data-provider="POSTData" finished-at="2020-06-08T14:57:26Z" duration-ms="174" status="PASS">
          <params>
            <param index="0">
              <value>
                <![CDATA[/cvi/dm/api/v1/invoke/intent/json]]>
              </value>
            </param>
            <param index="1">
              <value>
                <![CDATA[application/json]]>
              </value>
            </param>
            <param index="2">
              <value>
                <![CDATA[application/json]]>
              </value>
            </param>
            <param index="3">
              <value>
                <![CDATA[b507d7ad-9e14-4a26-a3b5-0cc4ec2a2da9]]>
              </value>
            </param>
            <param index="4">
              <value>
                <![CDATA[{
  "entities":{
    "meeting_title":[
      {
        "literal":"Toronto"
      }
    ]
  },
  "intent":"MEETING__RESUME"
}]]>
              </value>
            </param>
          </params>
          <reporter-output>
          </reporter-output>
        </test-method> <!-- statusCodeTest -->
        <test-method is-config="true" signature="checkResults(org.testng.ITestResult)[pri:0, instance:com.qa.tests.CVIMultiplInvkeMtngResumTest@5f8edcc5]" started-at="2020-06-08T14:57:26Z" name="checkResults" finished-at="2020-06-08T14:57:26Z" duration-ms="1" status="PASS">
          <params>
            <param index="0">
              <value>
                <![CDATA[[TestResult name=statusCodeTest status=SUCCESS method=CVIMultiplInvkeMtngResumTest.statusCodeTest(java.lang.String, java.lang.String, java.lang.String, java.lang.String, java.lang.String)[pri:0, instance:com.qa.tests.CVIMultiplInvkeMtngResumTest@5f8edcc5] output={null}]]]>
              </value>
            </param>
          </params>
          <reporter-output>
          </reporter-output>
        </test-method> <!-- checkResults -->
        <test-method signature="statusCodeTest(java.lang.String, java.lang.String, java.lang.String, java.lang.String, java.lang.String)[pri:0, instance:com.qa.tests.CVIMultiplInvkeMtngResumTest@5f8edcc5]" started-at="2020-06-08T14:57:26Z" name="statusCodeTest" data-provider="POSTData" finished-at="2020-06-08T14:57:27Z" duration-ms="298" status="PASS">
          <params>
            <param index="0">
              <value>
                <![CDATA[/cvi/dm/api/v1/invoke/intent/json]]>
              </value>
            </param>
            <param index="1">
              <value>
                <![CDATA[application/json]]>
              </value>
            </param>
            <param index="2">
              <value>
                <![CDATA[application/json]]>
              </value>
            </param>
            <param index="3">
              <value>
                <![CDATA[b507d7ad-9e14-4a26-a3b5-0cc4ec2a2da9]]>
              </value>
            </param>
            <param index="4">
              <value>
                <![CDATA[{
  "entities":{
    "meeting_title":[
      {
        "literal":"Messe"
      }
    ]
  },
  "intent":"MEETING__RESUME"
}]]>
              </value>
            </param>
          </params>
          <reporter-output>
          </reporter-output>
        </test-method> <!-- statusCodeTest -->
        <test-method is-config="true" signature="checkResults(org.testng.ITestResult)[pri:0, instance:com.qa.tests.CVIMultiplInvkeMtngResumTest@5f8edcc5]" started-at="2020-06-08T14:57:27Z" name="checkResults" finished-at="2020-06-08T14:57:27Z" duration-ms="0" status="PASS">
          <params>
            <param index="0">
              <value>
                <![CDATA[[TestResult name=statusCodeTest status=SUCCESS method=CVIMultiplInvkeMtngResumTest.statusCodeTest(java.lang.String, java.lang.String, java.lang.String, java.lang.String, java.lang.String)[pri:0, instance:com.qa.tests.CVIMultiplInvkeMtngResumTest@5f8edcc5] output={null}]]]>
              </value>
            </param>
          </params>
          <reporter-output>
          </reporter-output>
        </test-method> <!-- checkResults -->
      </class> <!-- com.qa.tests.CVIMultiplInvkeMtngResumTest -->
      <class name="com.qa.tests.CVIMultiplInvkeMtngEndTest">
        <test-method signature="contentTypeTest(java.lang.String, java.lang.String, java.lang.String, java.lang.String, java.lang.String)[pri:0, instance:com.qa.tests.CVIMultiplInvkeMtngEndTest@117e949d]" started-at="2020-06-08T14:57:20Z" name="contentTypeTest" data-provider="POSTData" finished-at="2020-06-08T14:57:20Z" duration-ms="125" status="PASS">
          <params>
            <param index="0">
              <value>
                <![CDATA[/cvi/dm/api/v1/invoke/intent/json]]>
              </value>
            </param>
            <param index="1">
              <value>
                <![CDATA[application/json]]>
              </value>
            </param>
            <param index="2">
              <value>
                <![CDATA[application/json]]>
              </value>
            </param>
            <param index="3">
              <value>
                <![CDATA[b507d7ad-9e14-4a26-a3b5-0cc4ec2a2da9]]>
              </value>
            </param>
            <param index="4">
              <value>
                <![CDATA[{
  "entities":{
    "meeting_title":[
      {
        "literal":"Toronto"
      }
    ]
  },
  "intent":"MEETING__END"
}]]>
              </value>
            </param>
          </params>
          <reporter-output>
          </reporter-output>
        </test-method> <!-- contentTypeTest -->
        <test-method is-config="true" signature="checkResults(org.testng.ITestResult)[pri:0, instance:com.qa.tests.CVIMultiplInvkeMtngEndTest@117e949d]" started-at="2020-06-08T14:57:20Z" name="checkResults" finished-at="2020-06-08T14:57:20Z" duration-ms="1" status="PASS">
          <params>
            <param index="0">
              <value>
                <![CDATA[[TestResult name=contentTypeTest status=SUCCESS method=CVIMultiplInvkeMtngEndTest.contentTypeTest(java.lang.String, java.lang.String, java.lang.String, java.lang.String, java.lang.String)[pri:0, instance:com.qa.tests.CVIMultiplInvkeMtngEndTest@117e949d] output={null}]]]>
              </value>
            </param>
          </params>
          <reporter-output>
          </reporter-output>
        </test-method> <!-- checkResults -->
        <test-method signature="contentTypeTest(java.lang.String, java.lang.String, java.lang.String, java.lang.String, java.lang.String)[pri:0, instance:com.qa.tests.CVIMultiplInvkeMtngEndTest@117e949d]" started-at="2020-06-08T14:57:20Z" name="contentTypeTest" data-provider="POSTData" finished-at="2020-06-08T14:57:20Z" duration-ms="200" status="PASS">
          <params>
            <param index="0">
              <value>
                <![CDATA[/cvi/dm/api/v1/invoke/intent/json]]>
              </value>
            </param>
            <param index="1">
              <value>
                <![CDATA[application/json]]>
              </value>
            </param>
            <param index="2">
              <value>
                <![CDATA[application/json]]>
              </value>
            </param>
            <param index="3">
              <value>
                <![CDATA[b507d7ad-9e14-4a26-a3b5-0cc4ec2a2da9]]>
              </value>
            </param>
            <param index="4">
              <value>
                <![CDATA[{
  "entities":{
    "meeting_title":[
      {
        "literal":"Messe"
      }
    ]
  },
  "intent":"MEETING__END"
}]]>
              </value>
            </param>
          </params>
          <reporter-output>
          </reporter-output>
        </test-method> <!-- contentTypeTest -->
        <test-method is-config="true" signature="checkResults(org.testng.ITestResult)[pri:0, instance:com.qa.tests.CVIMultiplInvkeMtngEndTest@117e949d]" started-at="2020-06-08T14:57:20Z" name="checkResults" finished-at="2020-06-08T14:57:20Z" duration-ms="0" status="PASS">
          <params>
            <param index="0">
              <value>
                <![CDATA[[TestResult name=contentTypeTest status=SUCCESS method=CVIMultiplInvkeMtngEndTest.contentTypeTest(java.lang.String, java.lang.String, java.lang.String, java.lang.String, java.lang.String)[pri:0, instance:com.qa.tests.CVIMultiplInvkeMtngEndTest@117e949d] output={null}]]]>
              </value>
            </param>
          </params>
          <reporter-output>
          </reporter-output>
        </test-method> <!-- checkResults -->
        <test-method signature="responseBodyTest(java.lang.String, java.lang.String, java.lang.String, java.lang.String, java.lang.String)[pri:0, instance:com.qa.tests.CVIMultiplInvkeMtngEndTest@117e949d]" started-at="2020-06-08T14:57:21Z" name="responseBodyTest" data-provider="POSTData" finished-at="2020-06-08T14:57:21Z" duration-ms="125" status="PASS">
          <params>
            <param index="0">
              <value>
                <![CDATA[/cvi/dm/api/v1/invoke/intent/json]]>
              </value>
            </param>
            <param index="1">
              <value>
                <![CDATA[application/json]]>
              </value>
            </param>
            <param index="2">
              <value>
                <![CDATA[application/json]]>
              </value>
            </param>
            <param index="3">
              <value>
                <![CDATA[b507d7ad-9e14-4a26-a3b5-0cc4ec2a2da9]]>
              </value>
            </param>
            <param index="4">
              <value>
                <![CDATA[{
  "entities":{
    "meeting_title":[
      {
        "literal":"Toronto"
      }
    ]
  },
  "intent":"MEETING__END"
}]]>
              </value>
            </param>
          </params>
          <reporter-output>
          </reporter-output>
        </test-method> <!-- responseBodyTest -->
        <test-method is-config="true" signature="checkResults(org.testng.ITestResult)[pri:0, instance:com.qa.tests.CVIMultiplInvkeMtngEndTest@117e949d]" started-at="2020-06-08T14:57:21Z" name="checkResults" finished-at="2020-06-08T14:57:21Z" duration-ms="1" status="PASS">
          <params>
            <param index="0">
              <value>
                <![CDATA[[TestResult name=responseBodyTest status=SUCCESS method=CVIMultiplInvkeMtngEndTest.responseBodyTest(java.lang.String, java.lang.String, java.lang.String, java.lang.String, java.lang.String)[pri:0, instance:com.qa.tests.CVIMultiplInvkeMtngEndTest@117e949d] output={null}]]]>
              </value>
            </param>
          </params>
          <reporter-output>
          </reporter-output>
        </test-method> <!-- checkResults -->
        <test-method signature="responseBodyTest(java.lang.String, java.lang.String, java.lang.String, java.lang.String, java.lang.String)[pri:0, instance:com.qa.tests.CVIMultiplInvkeMtngEndTest@117e949d]" started-at="2020-06-08T14:57:21Z" name="responseBodyTest" data-provider="POSTData" finished-at="2020-06-08T14:57:21Z" duration-ms="299" status="PASS">
          <params>
            <param index="0">
              <value>
                <![CDATA[/cvi/dm/api/v1/invoke/intent/json]]>
              </value>
            </param>
            <param index="1">
              <value>
                <![CDATA[application/json]]>
              </value>
            </param>
            <param index="2">
              <value>
                <![CDATA[application/json]]>
              </value>
            </param>
            <param index="3">
              <value>
                <![CDATA[b507d7ad-9e14-4a26-a3b5-0cc4ec2a2da9]]>
              </value>
            </param>
            <param index="4">
              <value>
                <![CDATA[{
  "entities":{
    "meeting_title":[
      {
        "literal":"Messe"
      }
    ]
  },
  "intent":"MEETING__END"
}]]>
              </value>
            </param>
          </params>
          <reporter-output>
          </reporter-output>
        </test-method> <!-- responseBodyTest -->
        <test-method is-config="true" signature="checkResults(org.testng.ITestResult)[pri:0, instance:com.qa.tests.CVIMultiplInvkeMtngEndTest@117e949d]" started-at="2020-06-08T14:57:21Z" name="checkResults" finished-at="2020-06-08T14:57:21Z" duration-ms="1" status="PASS">
          <params>
            <param index="0">
              <value>
                <![CDATA[[TestResult name=responseBodyTest status=SUCCESS method=CVIMultiplInvkeMtngEndTest.responseBodyTest(java.lang.String, java.lang.String, java.lang.String, java.lang.String, java.lang.String)[pri:0, instance:com.qa.tests.CVIMultiplInvkeMtngEndTest@117e949d] output={null}]]]>
              </value>
            </param>
          </params>
          <reporter-output>
          </reporter-output>
        </test-method> <!-- checkResults -->
        <test-method signature="responseTimeTest(java.lang.String, java.lang.String, java.lang.String, java.lang.String, java.lang.String)[pri:0, instance:com.qa.tests.CVIMultiplInvkeMtngEndTest@117e949d]" started-at="2020-06-08T14:57:21Z" name="responseTimeTest" data-provider="POSTData" finished-at="2020-06-08T14:57:21Z" duration-ms="131" status="PASS">
          <params>
[...]
        <test-method signature="contentTypeTest(java.lang.String, java.lang.String, java.lang.String, java.lang.String, java.lang.String)[pri:0, instance:com.qa.tests.IBSGetUIHighlightsTest@343570b7]" started-at="2020-06-08T14:57:33Z" name="contentTypeTest" data-provider="GETData" finished-at="2020-06-08T14:57:33Z" duration-ms="83" status="PASS">
          <params>
            <param index="0">
              <value>
                <![CDATA[/svhb/meeting/v1/ui/highlights/?meetingId=4]]>
              </value>
            </param>
            <param index="1">
              <value>
                <![CDATA[application/json]]>
              </value>
            </param>
            <param index="2">
              <value>
                <![CDATA[application/json]]>
              </value>
            </param>
            <param index="3">
              <value>
                <![CDATA[GLOBAL]]>
              </value>
            </param>
            <param index="4">
              <value>
                <![CDATA[sample]]>
              </value>
            </param>
          </params>
          <reporter-output>
          </reporter-output>
        </test-method> <!-- contentTypeTest -->
        <test-method is-config="true" signature="checkResults(org.testng.ITestResult)[pri:0, instance:com.qa.tests.IBSGetUIHighlightsTest@343570b7]" started-at="2020-06-08T14:57:33Z" name="checkResults" finished-at="2020-06-08T14:57:33Z" duration-ms="0" status="PASS">
          <params>
            <param index="0">
              <value>
                <![CDATA[[TestResult name=contentTypeTest status=SUCCESS method=IBSGetUIHighlightsTest.contentTypeTest(java.lang.String, java.lang.String, java.lang.String, java.lang.String, java.lang.String)[pri:0, instance:com.qa.tests.IBSGetUIHighlightsTest@343570b7] output={null}]]]>
              </value>
            </param>
          </params>
          <reporter-output>
          </reporter-output>
        </test-method> <!-- checkResults -->
        <test-method signature="contentTypeTest(java.lang.String, java.lang.String, java.lang.String, java.lang.String, java.lang.String)[pri:0, instance:com.qa.tests.IBSGetUIHighlightsTest@343570b7]" started-at="2020-06-08T14:57:33Z" name="contentTypeTest" data-provider="GETData" finished-at="2020-06-08T14:57:33Z" duration-ms="80" status="PASS">
          <params>
            <param index="0">
              <value>
                <![CDATA[/svhb/meeting/v1/ui/highlights/?meetingId=0]]>
              </value>
            </param>
            <param index="1">
              <value>
                <![CDATA[application/json]]>
              </value>
            </param>
            <param index="2">
              <value>
                <![CDATA[application/json]]>
              </value>
            </param>
            <param index="3">
              <value>
                <![CDATA[GLOBAL]]>
              </value>
            </param>
            <param index="4">
              <value>
                <![CDATA[sample]]>
              </value>
            </param>
          </params>
          <reporter-output>
          </reporter-output>
        </test-method> <!-- contentTypeTest -->
        <test-method is-config="true" signature="checkResults(org.testng.ITestResult)[pri:0, instance:com.qa.tests.IBSGetUIHighlightsTest@343570b7]" started-at="2020-06-08T14:57:33Z" name="checkResults" finished-at="2020-06-08T14:57:33Z" duration-ms="0" status="PASS">
          <params>
            <param index="0">
              <value>
                <![CDATA[[TestResult name=contentTypeTest status=SUCCESS method=IBSGetUIHighlightsTest.contentTypeTest(java.lang.String, java.lang.String, java.lang.String, java.lang.String, java.lang.String)[pri:0, instance:com.qa.tests.IBSGetUIHighlightsTest@343570b7] output={null}]]]>
              </value>
            </param>
          </params>
          <reporter-output>
          </reporter-output>
        </test-method> <!-- checkResults -->
        <test-method signature="responseBodyTest(java.lang.String, java.lang.String, java.lang.String, java.lang.String, java.lang.String)[pri:0, instance:com.qa.tests.IBSGetUIHighlightsTest@343570b7]" started-at="2020-06-08T14:57:33Z" name="responseBodyTest" data-provider="GETData" finished-at="2020-06-08T14:57:33Z" duration-ms="70" status="PASS">
          <params>
            <param index="0">
              <value>
                <![CDATA[/svhb/meeting/v1/ui/highlights/?meetingId=4]]>
              </value>
            </param>
            <param index="1">
              <value>
                <![CDATA[application/json]]>
              </value>
            </param>
            <param index="2">
              <value>
                <![CDATA[application/json]]>
              </value>
            </param>
            <param index="3">
              <value>
                <![CDATA[GLOBAL]]>
              </value>
            </param>
            <param index="4">
              <value>
                <![CDATA[sample]]>
              </value>
            </param>
          </params>
          <reporter-output>
          </reporter-output>
        </test-method> <!-- responseBodyTest -->
        <test-method signature="responseBodyTest(java.lang.String, java.lang.String, java.lang.String, java.lang.String, java.lang.String)[pri:0, instance:com.qa.tests.IBSGetUIHighlightsTest@343570b7]" started-at="2020-06-08T14:57:33Z" name="responseBodyTest" data-provider="GETData" finished-at="2020-06-08T14:57:33Z" duration-ms="83" status="PASS">
          <params>
            <param index="0">
              <value>
                <![CDATA[/svhb/meeting/v1/ui/highlights/?meetingId=0]]>
              </value>
            </param>
            <param index="1">
              <value>
                <![CDATA[application/json]]>
              </value>
            </param>
            <param index="2">
              <value>
                <![CDATA[application/json]]>
              </value>
            </param>
            <param index="3">
              <value>
                <![CDATA[GLOBAL]]>
              </value>
            </param>
            <param index="4">
              <value>
                <![CDATA[sample]]>
              </value>
            </param>
          </params>
          <reporter-output>
          </reporter-output>
        </test-method> <!-- responseBodyTest -->
        <test-method is-config="true" signature="checkResults(org.testng.ITestResult)[pri:0, instance:com.qa.tests.IBSGetUIHighlightsTest@343570b7]" started-at="2020-06-08T14:57:33Z" name="checkResults" finished-at="2020-06-08T14:57:33Z" duration-ms="0" status="PASS">
          <params>
            <param index="0">
              <value>
                <![CDATA[[TestResult name=responseBodyTest status=SUCCESS method=IBSGetUIHighlightsTest.responseBodyTest(java.lang.String, java.lang.String, java.lang.String, java.lang.String, java.lang.String)[pri:0, instance:com.qa.tests.IBSGetUIHighlightsTest@343570b7] output={null}]]]>
              </value>
            </param>
          </params>
          <reporter-output>
          </reporter-output>
        </test-method> <!-- checkResults -->
        <test-method is-config="true" signature="checkResults(org.testng.ITestResult)[pri:0, instance:com.qa.tests.IBSGetUIHighlightsTest@343570b7]" started-at="2020-06-08T14:57:33Z" name="checkResults" finished-at="2020-06-08T14:57:33Z" duration-ms="0" status="PASS">
          <params>
            <param index="0">
              <value>
                <![CDATA[[TestResult name=responseBodyTest status=SUCCESS method=IBSGetUIHighlightsTest.responseBodyTest(java.lang.String, java.lang.String, java.lang.String, java.lang.String, java.lang.String)[pri:0, instance:com.qa.tests.IBSGetUIHighlightsTest@343570b7] output={null}]]]>
              </value>
            </param>
          </params>
          <reporter-output>
          </reporter-output>
        </test-method> <!-- checkResults -->
        <test-method signature="responseTimeTest(java.lang.String, java.lang.String, java.lang.String, java.lang.String, java.lang.String)[pri:0, instance:com.qa.tests.IBSGetUIHighlightsTest@343570b7]" started-at="2020-06-08T14:57:34Z" name="responseTimeTest" data-provider="GETData" finished-at="2020-06-08T14:57:34Z" duration-ms="80" status="PASS">
          <params>
            <param index="0">
              <value>
                <![CDATA[/svhb/meeting/v1/ui/highlights/?meetingId=4]]>
              </value>
            </param>
            <param index="1">
              <value>
                <![CDATA[application/json]]>
              </value>
            </param>
            <param index="2">
              <value>
                <![CDATA[application/json]]>
              </value>
            </param>
            <param index="3">
              <value>
                <![CDATA[GLOBAL]]>
              </value>
            </param>
            <param index="4">
              <value>
                <![CDATA[sample]]>
              </value>
            </param>
          </params>
          <reporter-output>
          </reporter-output>
        </test-method> <!-- responseTimeTest -->
        <test-method signature="responseTimeTest(java.lang.String, java.lang.String, java.lang.String, java.lang.String, java.lang.String)[pri:0, instance:com.qa.tests.IBSGetUIHighlightsTest@343570b7]" started-at="2020-06-08T14:57:34Z" name="responseTimeTest" data-provider="GETData" finished-at="2020-06-08T14:57:34Z" duration-ms="74" status="PASS">
          <params>
            <param index="0">
              <value>
                <![CDATA[/svhb/meeting/v1/ui/highlights/?meetingId=0]]>
              </value>
            </param>
            <param index="1">
              <value>
                <![CDATA[application/json]]>
              </value>
            </param>
            <param index="2">
              <value>
                <![CDATA[application/json]]>
              </value>
            </param>
            <param index="3">
              <value>
                <![CDATA[GLOBAL]]>
              </value>
            </param>
            <param index="4">
              <value>
                <![CDATA[sample]]>
              </value>
            </param>
          </params>
          <reporter-output>
          </reporter-output>
        </test-method> <!-- responseTimeTest -->
        <test-method is-config="true" signature="checkResults(org.testng.ITestResult)[pri:0, instance:com.qa.tests.IBSGetUIHighlightsTest@343570b7]" started-at="2020-06-08T14:57:34Z" name="checkResults" finished-at="2020-06-08T14:57:34Z" duration-ms="0" status="PASS">
          <params>
            <param index="0">
              <value>
                <![CDATA[[TestResult name=responseTimeTest status=SUCCESS method=IBSGetUIHighlightsTest.responseTimeTest(java.lang.String, java.lang.String, java.lang.String, java.lang.String, java.lang.String)[pri:0, instance:com.qa.tests.IBSGetUIHighlightsTest@343570b7] output={null}]]]>
              </value>
            </param>
          </params>
          <reporter-output>
          </reporter-output>
        </test-method> <!-- checkResults -->
        <test-method is-config="true" signature="checkResults(org.testng.ITestResult)[pri:0, instance:com.qa.tests.IBSGetUIHighlightsTest@343570b7]" started-at="2020-06-08T14:57:34Z" name="checkResults" finished-at="2020-06-08T14:57:34Z" duration-ms="0" status="PASS">
          <params>
            <param index="0">
              <value>
                <![CDATA[[TestResult name=responseTimeTest status=SUCCESS method=IBSGetUIHighlightsTest.responseTimeTest(java.lang.String, java.lang.String, java.lang.String, java.lang.String, java.lang.String)[pri:0, instance:com.qa.tests.IBSGetUIHighlightsTest@343570b7] output={null}]]]>
              </value>
            </param>
          </params>
          <reporter-output>
          </reporter-output>
        </test-method> <!-- checkResults -->
        <test-method signature="statusCodeTest(java.lang.String, java.lang.String, java.lang.String, java.lang.String, java.lang.String)[pri:0, instance:com.qa.tests.IBSGetUIHighlightsTest@343570b7]" started-at="2020-06-08T14:57:34Z" name="statusCodeTest" data-provider="GETData" finished-at="2020-06-08T14:57:34Z" duration-ms="82" status="PASS">
          <params>
            <param index="0">
              <value>
                <![CDATA[/svhb/meeting/v1/ui/highlights/?meetingId=4]]>
              </value>
            </param>
            <param index="1">
              <value>
                <![CDATA[application/json]]>
              </value>
            </param>
            <param index="2">
              <value>
                <![CDATA[application/json]]>
              </value>
            </param>
            <param index="3">
              <value>
                <![CDATA[GLOBAL]]>
              </value>
            </param>
            <param index="4">
              <value>
                <![CDATA[sample]]>
              </value>
            </param>
          </params>
          <reporter-output>
          </reporter-output>
        </test-method> <!-- statusCodeTest -->
        <test-method signature="statusCodeTest(java.lang.String, java.lang.String, java.lang.String, java.lang.String, java.lang.String)[pri:0, instance:com.qa.tests.IBSGetUIHighlightsTest@343570b7]" started-at="2020-06-08T14:57:34Z" name="statusCodeTest" data-provider="GETData" finished-at="2020-06-08T14:57:34Z" duration-ms="87" status="PASS">
          <params>
            <param index="0">
              <value>
                <![CDATA[/svhb/meeting/v1/ui/highlights/?meetingId=0]]>
              </value>
            </param>
            <param index="1">
              <value>
                <![CDATA[application/json]]>
              </value>
            </param>
            <param index="2">
              <value>
                <![CDATA[application/json]]>
              </value>
            </param>
            <param index="3">
              <value>
                <![CDATA[GLOBAL]]>
              </value>
            </param>
            <param index="4">
              <value>
                <![CDATA[sample]]>
              </value>
            </param>
          </params>
          <reporter-output>
          </reporter-output>
        </test-method> <!-- statusCodeTest -->
        <test-method is-config="true" signature="checkResults(org.testng.ITestResult)[pri:0, instance:com.qa.tests.IBSGetUIHighlightsTest@343570b7]" started-at="2020-06-08T14:57:34Z" name="checkResults" finished-at="2020-06-08T14:57:34Z" duration-ms="0" status="PASS">
          <params>
            <param index="0">
              <value>
                <![CDATA[[TestResult name=statusCodeTest status=SUCCESS method=IBSGetUIHighlightsTest.statusCodeTest(java.lang.String, java.lang.String, java.lang.String, java.lang.String, java.lang.String)[pri:0, instance:com.qa.tests.IBSGetUIHighlightsTest@343570b7] output={null}]]]>
              </value>
            </param>
          </params>
          <reporter-output>
          </reporter-output>
        </test-method> <!-- checkResults -->
        <test-method is-config="true" signature="checkResults(org.testng.ITestResult)[pri:0, instance:com.qa.tests.IBSGetUIHighlightsTest@343570b7]" started-at="2020-06-08T14:57:34Z" name="checkResults" finished-at="2020-06-08T14:57:34Z" duration-ms="0" status="PASS">
          <params>
            <param index="0">
              <value>
                <![CDATA[[TestResult name=statusCodeTest status=SUCCESS method=IBSGetUIHighlightsTest.statusCodeTest(java.lang.String, java.lang.String, java.lang.String, java.lang.String, java.lang.String)[pri:0, instance:com.qa.tests.IBSGetUIHighlightsTest@343570b7] output={null}]]]>
              </value>
            </param>
          </params>
          <reporter-output>
          </reporter-output>
        </test-method> <!-- checkResults -->
        <test-method is-config="true" signature="teardown()[pri:0, instance:com.qa.tests.IBSGetUIHighlightsTest@343570b7]" started-at="2020-06-08T14:57:35Z" name="teardown" finished-at="2020-06-08T14:57:35Z" duration-ms="32" status="PASS">
          <reporter-output>
          </reporter-output>
        </test-method> <!-- teardown -->
        <test-method is-config="true" signature="teardown()[pri:0, instance:com.qa.tests.IBSGetUIMeetingsTest@3943a2be]" started-at="2020-06-08T14:57:35Z" name="teardown" finished-at="2020-06-08T14:57:35Z" duration-ms="17" status="PASS">
          <reporter-output>
          </reporter-output>
        </test-method> <!-- teardown -->
        <test-method is-config="true" signature="teardown()[pri:0, instance:com.qa.tests.IBSGetUITranscriptsTest@157853da]" started-at="2020-06-08T14:57:35Z" name="teardown" finished-at="2020-06-08T14:57:35Z" duration-ms="17" status="PASS">
          <reporter-output>
          </reporter-output>
        </test-method> <!-- teardown -->
      </class> <!-- com.qa.tests.IBSGetUIHighlightsTest -->
      <class name="com.qa.tests.CVIInvkeViaTxt">
        <test-method is-config="true" signature="login()[pri:0, instance:com.qa.tests.CVIInvkeViaTxt@7b02881e]" started-at="2020-06-08T14:57:12Z" name="login" finished-at="2020-06-08T14:57:13Z" duration-ms="1519" status="PASS">
          <reporter-output>
          </reporter-output>
        </test-method> <!-- login -->
        <test-method is-config="true" signature="login()[pri:0, instance:com.qa.tests.CVIMultiplInvkeMtngEndTest@117e949d]" started-at="2020-06-08T14:57:13Z" name="login" finished-at="2020-06-08T14:57:14Z" duration-ms="151" status="PASS">
          <reporter-output>
          </reporter-output>
        </test-method> <!-- login -->
        <test-method is-config="true" signature="login()[pri:0, instance:com.qa.tests.CVIMultiplInvkeMtngPauseTest@6db9f5a4]" started-at="2020-06-08T14:57:14Z" name="login" finished-at="2020-06-08T14:57:14Z" duration-ms="115" status="PASS">
          <reporter-output>
          </reporter-output>
        </test-method> <!-- login -->
        <test-method is-config="true" signature="login()[pri:0, instance:com.qa.tests.CVIMultiplInvkeMtngResumTest@5f8edcc5]" started-at="2020-06-08T14:57:14Z" name="login" finished-at="2020-06-08T14:57:14Z" duration-ms="88" status="PASS">
          <reporter-output>
          </reporter-output>
        </test-method> <!-- login -->
        <test-method is-config="true" signature="login()[pri:0, instance:com.qa.tests.CVIMultiplInvkeMtngStrtTest@10d68fcd]" started-at="2020-06-08T14:57:14Z" name="login" finished-at="2020-06-08T14:57:14Z" duration-ms="93" status="PASS">
          <reporter-output>
          </reporter-output>
        </test-method> <!-- login -->
        <test-method is-config="true" signature="setUP()[pri:0, instance:com.qa.tests.IBSGetUIHighlightsTest@343570b7]" started-at="2020-06-08T14:57:14Z" name="setUP" finished-at="2020-06-08T14:57:14Z" duration-ms="290" status="PASS">
          <reporter-output>
          </reporter-output>
        </test-method> <!-- setUP -->
        <test-method is-config="true" signature="setUP()[pri:0, instance:com.qa.tests.IBSGetUIMeetingsTest@3943a2be]" started-at="2020-06-08T14:57:14Z" name="setUP" finished-at="2020-06-08T14:57:14Z" duration-ms="158" status="PASS">
          <reporter-output>
          </reporter-output>
        </test-method> <!-- setUP -->
        <test-method is-config="true" signature="setUP()[pri:0, instance:com.qa.tests.IBSGetUITranscriptsTest@157853da]" started-at="2020-06-08T14:57:14Z" name="setUP" finished-at="2020-06-08T14:57:15Z" duration-ms="190" status="PASS">
          <reporter-output>
          </reporter-output>
        </test-method> <!-- setUP -->
      </class> <!-- com.qa.tests.CVIInvkeViaTxt -->
    </test> <!-- GET Service using IBS LOGIN Test -->
  </suite> <!-- POST SKILLS using CVI LOGIN -->
</testng-results>
