<?xml version="1.0" encoding="UTF-8"?>
<testng-results ignored="0" total="32" passed="32" failed="0" skipped="0">
  <reporter-output>
  </reporter-output>
  <suite started-at="2020-06-02T11:14:37Z" name="POST SKILLS using CVI LOGIN" finished-at="2020-06-02T11:14:49Z" duration-ms="11705">
    <groups>
    </groups>
    <test started-at="2020-06-02T11:14:37Z" name="POST SKILLS using CVI LOGIN Test" finished-at="2020-06-02T11:14:49Z" duration-ms="11705">
      <class name="com.qa.tests.CVIMultiplInvkeMtngPauseTest">
        <test-method signature="contentTypeTest(java.lang.String, java.lang.String, java.lang.String, java.lang.String, java.lang.String)[pri:0, instance:com.qa.tests.CVIMultiplInvkeMtngPauseTest@424e1977]" started-at="2020-06-02T11:14:44Z" name="contentTypeTest" data-provider="POSTData" finished-at="2020-06-02T11:14:45Z" duration-ms="180" status="PASS">
          <params>
            <param index="0">
              <value>
                <![CDATA[/cvi/dm/api/v1/invoke/intent/json]]>
              </value>
            </param>
            <param index="1">
              <value>
                <![CDATA[application/json]]>
              </value>
            </param>
            <param index="2">
              <value>
                <![CDATA[application/json]]>
              </value>
            </param>
            <param index="3">
              <value>
                <![CDATA[b507d7ad-9e14-4a26-a3b5-0cc4ec2a2da9]]>
              </value>
            </param>
            <param index="4">
              <value>
                <![CDATA[{
  "entities":{
    "meeting_title":[
      {
        "literal":"Toronto"
      }
    ]
  },
  "intent":"MEETING__PAUSE"
}]]>
              </value>
            </param>
          </params>
          <reporter-output>
          </reporter-output>
        </test-method> <!-- contentTypeTest -->
        <test-method is-config="true" signature="teardown(org.testng.ITestResult)[pri:0, instance:com.qa.tests.CVIMultiplInvkeMtngPauseTest@424e1977]" started-at="2020-06-02T11:14:45Z" name="teardown" finished-at="2020-06-02T11:14:45Z" duration-ms="12" status="PASS">
          <params>
            <param index="0">
              <value>
                <![CDATA[[TestResult name=contentTypeTest status=SUCCESS method=CVIMultiplInvkeMtngPauseTest.contentTypeTest(java.lang.String, java.lang.String, java.lang.String, java.lang.String, java.lang.String)[pri:0, instance:com.qa.tests.CVIMultiplInvkeMtngPauseTest@424e1977] output={null}]]]>
              </value>
            </param>
          </params>
          <reporter-output>
          </reporter-output>
        </test-method> <!-- teardown -->
        <test-method signature="contentTypeTest(java.lang.String, java.lang.String, java.lang.String, java.lang.String, java.lang.String)[pri:0, instance:com.qa.tests.CVIMultiplInvkeMtngPauseTest@424e1977]" started-at="2020-06-02T11:14:45Z" name="contentTypeTest" data-provider="POSTData" finished-at="2020-06-02T11:14:45Z" duration-ms="390" status="PASS">
          <params>
            <param index="0">
              <value>
                <![CDATA[/cvi/dm/api/v1/invoke/intent/json]]>
              </value>
            </param>
            <param index="1">
              <value>
                <![CDATA[application/json]]>
              </value>
            </param>
            <param index="2">
              <value>
                <![CDATA[application/json]]>
              </value>
            </param>
            <param index="3">
              <value>
                <![CDATA[b507d7ad-9e14-4a26-a3b5-0cc4ec2a2da9]]>
              </value>
            </param>
            <param index="4">
              <value>
                <![CDATA[{
  "entities":{
    "meeting_title":[
      {
        "literal":"Messe"
      }
    ]
  },
  "intent":"MEETING__PAUSE"
}]]>
              </value>
            </param>
          </params>
          <reporter-output>
          </reporter-output>
        </test-method> <!-- contentTypeTest -->
        <test-method is-config="true" signature="teardown(org.testng.ITestResult)[pri:0, instance:com.qa.tests.CVIMultiplInvkeMtngPauseTest@424e1977]" started-at="2020-06-02T11:14:45Z" name="teardown" finished-at="2020-06-02T11:14:45Z" duration-ms="9" status="PASS">
          <params>
            <param index="0">
              <value>
                <![CDATA[[TestResult name=contentTypeTest status=SUCCESS method=CVIMultiplInvkeMtngPauseTest.contentTypeTest(java.lang.String, java.lang.String, java.lang.String, java.lang.String, java.lang.String)[pri:0, instance:com.qa.tests.CVIMultiplInvkeMtngPauseTest@424e1977] output={null}]]]>
              </value>
            </param>
          </params>
          <reporter-output>
          </reporter-output>
        </test-method> <!-- teardown -->
        <test-method signature="responseBodyTest(java.lang.String, java.lang.String, java.lang.String, java.lang.String, java.lang.String)[pri:0, instance:com.qa.tests.CVIMultiplInvkeMtngPauseTest@424e1977]" started-at="2020-06-02T11:14:45Z" name="responseBodyTest" data-provider="POSTData" finished-at="2020-06-02T11:14:45Z" duration-ms="292" status="PASS">
          <params>
            <param index="0">
              <value>
                <![CDATA[/cvi/dm/api/v1/invoke/intent/json]]>
              </value>
            </param>
            <param index="1">
              <value>
                <![CDATA[application/json]]>
              </value>
            </param>
            <param index="2">
              <value>
                <![CDATA[application/json]]>
              </value>
            </param>
            <param index="3">
              <value>
                <![CDATA[b507d7ad-9e14-4a26-a3b5-0cc4ec2a2da9]]>
              </value>
            </param>
            <param index="4">
              <value>
                <![CDATA[{
  "entities":{
    "meeting_title":[
      {
        "literal":"Toronto"
      }
    ]
  },
  "intent":"MEETING__PAUSE"
}]]>
              </value>
            </param>
          </params>
          <reporter-output>
          </reporter-output>
        </test-method> <!-- responseBodyTest -->
        <test-method is-config="true" signature="teardown(org.testng.ITestResult)[pri:0, instance:com.qa.tests.CVIMultiplInvkeMtngPauseTest@424e1977]" started-at="2020-06-02T11:14:45Z" name="teardown" finished-at="2020-06-02T11:14:45Z" duration-ms="11" status="PASS">
          <params>
            <param index="0">
              <value>
                <![CDATA[[TestResult name=responseBodyTest status=SUCCESS method=CVIMultiplInvkeMtngPauseTest.responseBodyTest(java.lang.String, java.lang.String, java.lang.String, java.lang.String, java.lang.String)[pri:0, instance:com.qa.tests.CVIMultiplInvkeMtngPauseTest@424e1977] output={null}]]]>
              </value>
            </param>
          </params>
          <reporter-output>
          </reporter-output>
        </test-method> <!-- teardown -->
        <test-method signature="responseBodyTest(java.lang.String, java.lang.String, java.lang.String, java.lang.String, java.lang.String)[pri:0, instance:com.qa.tests.CVIMultiplInvkeMtngPauseTest@424e1977]" started-at="2020-06-02T11:14:45Z" name="responseBodyTest" data-provider="POSTData" finished-at="2020-06-02T11:14:46Z" duration-ms="283" status="PASS">
          <params>
            <param index="0">
              <value>
                <![CDATA[/cvi/dm/api/v1/invoke/intent/json]]>
              </value>
            </param>
            <param index="1">
              <value>
                <![CDATA[application/json]]>
              </value>
            </param>
            <param index="2">
              <value>
                <![CDATA[application/json]]>
              </value>
            </param>
            <param index="3">
              <value>
                <![CDATA[b507d7ad-9e14-4a26-a3b5-0cc4ec2a2da9]]>
              </value>
            </param>
            <param index="4">
              <value>
                <![CDATA[{
  "entities":{
    "meeting_title":[
      {
        "literal":"Messe"
      }
    ]
  },
  "intent":"MEETING__PAUSE"
}]]>
              </value>
            </param>
          </params>
          <reporter-output>
          </reporter-output>
        </test-method> <!-- responseBodyTest -->
        <test-method is-config="true" signature="teardown(org.testng.ITestResult)[pri:0, instance:com.qa.tests.CVIMultiplInvkeMtngPauseTest@424e1977]" started-at="2020-06-02T11:14:46Z" name="teardown" finished-at="2020-06-02T11:14:46Z" duration-ms="9" status="PASS">
          <params>
            <param index="0">
              <value>
                <![CDATA[[TestResult name=responseBodyTest status=SUCCESS method=CVIMultiplInvkeMtngPauseTest.responseBodyTest(java.lang.String, java.lang.String, java.lang.String, java.lang.String, java.lang.String)[pri:0, instance:com.qa.tests.CVIMultiplInvkeMtngPauseTest@424e1977] output={null}]]]>
              </value>
            </param>
          </params>
          <reporter-output>
          </reporter-output>
        </test-method> <!-- teardown -->
        <test-method signature="responseTimeTest(java.lang.String, java.lang.String, java.lang.String, java.lang.String, java.lang.String)[pri:0, instance:com.qa.tests.CVIMultiplInvkeMtngPauseTest@424e1977]" started-at="2020-06-02T11:14:46Z" name="responseTimeTest" data-provider="POSTData" finished-at="2020-06-02T11:14:46Z" duration-ms="197" status="PASS">
          <params>
            <param index="0">
              <value>
                <![CDATA[/cvi/dm/api/v1/invoke/intent/json]]>
              </value>
            </param>
            <param index="1">
              <value>
                <![CDATA[application/json]]>
              </value>
            </param>
            <param index="2">
              <value>
                <![CDATA[application/json]]>
              </value>
            </param>
            <param index="3">
              <value>
                <![CDATA[b507d7ad-9e14-4a26-a3b5-0cc4ec2a2da9]]>
              </value>
            </param>
            <param index="4">
              <value>
                <![CDATA[{
  "entities":{
    "meeting_title":[
      {
        "literal":"Toronto"
      }
    ]
  },
  "intent":"MEETING__PAUSE"
}]]>
              </value>
            </param>
          </params>
          <reporter-output>
          </reporter-output>
        </test-method> <!-- responseTimeTest -->
        <test-method is-config="true" signature="teardown(org.testng.ITestResult)[pri:0, instance:com.qa.tests.CVIMultiplInvkeMtngPauseTest@424e1977]" started-at="2020-06-02T11:14:46Z" name="teardown" finished-at="2020-06-02T11:14:46Z" duration-ms="9" status="PASS">
          <params>
            <param index="0">
              <value>
                <![CDATA[[TestResult name=responseTimeTest status=SUCCESS method=CVIMultiplInvkeMtngPauseTest.responseTimeTest(java.lang.String, java.lang.String, java.lang.String, java.lang.String, java.lang.String)[pri:0, instance:com.qa.tests.CVIMultiplInvkeMtngPauseTest@424e1977] output={null}]]]>
              </value>
            </param>
          </params>
          <reporter-output>
          </reporter-output>
        </test-method> <!-- teardown -->
        <test-method signature="responseTimeTest(java.lang.String, java.lang.String, java.lang.String, java.lang.String, java.lang.String)[pri:0, instance:com.qa.tests.CVIMultiplInvkeMtngPauseTest@424e1977]" started-at="2020-06-02T11:14:46Z" name="responseTimeTest" data-provider="POSTData" finished-at="2020-06-02T11:14:46Z" duration-ms="291" status="PASS">
          <params>
            <param index="0">
              <value>
                <![CDATA[/cvi/dm/api/v1/invoke/intent/json]]>
              </value>
            </param>
            <param index="1">
              <value>
                <![CDATA[application/json]]>
              </value>
            </param>
            <param index="2">
              <value>
                <![CDATA[application/json]]>
              </value>
            </param>
            <param index="3">
              <value>
                <![CDATA[b507d7ad-9e14-4a26-a3b5-0cc4ec2a2da9]]>
              </value>
            </param>
            <param index="4">
              <value>
                <![CDATA[{
  "entities":{
    "meeting_title":[
      {
        "literal":"Messe"
      }
    ]
  },
  "intent":"MEETING__PAUSE"
}]]>
              </value>
            </param>
          </params>
          <reporter-output>
          </reporter-output>
        </test-method> <!-- responseTimeTest -->
        <test-method is-config="true" signature="teardown(org.testng.ITestResult)[pri:0, instance:com.qa.tests.CVIMultiplInvkeMtngPauseTest@424e1977]" started-at="2020-06-02T11:14:46Z" name="teardown" finished-at="2020-06-02T11:14:46Z" duration-ms="7" status="PASS">
          <params>
            <param index="0">
              <value>
                <![CDATA[[TestResult name=responseTimeTest status=SUCCESS method=CVIMultiplInvkeMtngPauseTest.responseTimeTest(java.lang.String, java.lang.String, java.lang.String, java.lang.String, java.lang.String)[pri:0, instance:com.qa.tests.CVIMultiplInvkeMtngPauseTest@424e1977] output={null}]]]>
              </value>
            </param>
          </params>
          <reporter-output>
          </reporter-output>
        </test-method> <!-- teardown -->
        <test-method signature="statusCodeTest(java.lang.String, java.lang.String, java.lang.String, java.lang.String, java.lang.String)[pri:0, instance:com.qa.tests.CVIMultiplInvkeMtngPauseTest@424e1977]" started-at="2020-06-02T11:14:46Z" name="statusCodeTest" data-provider="POSTData" finished-at="2020-06-02T11:14:47Z" duration-ms="191" status="PASS">
          <params>
            <param index="0">
              <value>
                <![CDATA[/cvi/dm/api/v1/invoke/intent/json]]>
              </value>
            </param>
            <param index="1">
              <value>
                <![CDATA[application/json]]>
              </value>
            </param>
            <param index="2">
              <value>
                <![CDATA[application/json]]>
              </value>
            </param>
            <param index="3">
              <value>
                <![CDATA[b507d7ad-9e14-4a26-a3b5-0cc4ec2a2da9]]>
              </value>
            </param>
            <param index="4">
              <value>
                <![CDATA[{
  "entities":{
    "meeting_title":[
      {
        "literal":"Toronto"
      }
    ]
  },
  "intent":"MEETING__PAUSE"
}]]>
              </value>
            </param>
          </params>
          <reporter-output>
          </reporter-output>
        </test-method> <!-- statusCodeTest -->
        <test-method is-config="true" signature="teardown(org.testng.ITestResult)[pri:0, instance:com.qa.tests.CVIMultiplInvkeMtngPauseTest@424e1977]" started-at="2020-06-02T11:14:47Z" name="teardown" finished-at="2020-06-02T11:14:47Z" duration-ms="3" status="PASS">
          <params>
            <param index="0">
              <value>
                <![CDATA[[TestResult name=statusCodeTest status=SUCCESS method=CVIMultiplInvkeMtngPauseTest.statusCodeTest(java.lang.String, java.lang.String, java.lang.String, java.lang.String, java.lang.String)[pri:0, instance:com.qa.tests.CVIMultiplInvkeMtngPauseTest@424e1977] output={null}]]]>
              </value>
            </param>
          </params>
          <reporter-output>
          </reporter-output>
        </test-method> <!-- teardown -->
        <test-method signature="statusCodeTest(java.lang.String, java.lang.String, java.lang.String, java.lang.String, java.lang.String)[pri:0, instance:com.qa.tests.CVIMultiplInvkeMtngPauseTest@424e1977]" started-at="2020-06-02T11:14:47Z" name="statusCodeTest" data-provider="POSTData" finished-at="2020-06-02T11:14:47Z" duration-ms="299" status="PASS">
          <params>
            <param index="0">
              <value>
                <![CDATA[/cvi/dm/api/v1/invoke/intent/json]]>
              </value>
            </param>
            <param index="1">
              <value>
                <![CDATA[application/json]]>
              </value>
            </param>
            <param index="2">
              <value>
                <![CDATA[application/json]]>
              </value>
            </param>
            <param index="3">
              <value>
                <![CDATA[b507d7ad-9e14-4a26-a3b5-0cc4ec2a2da9]]>
              </value>
            </param>
            <param index="4">
              <value>
                <![CDATA[{
  "entities":{
    "meeting_title":[
      {
        "literal":"Messe"
      }
    ]
  },
  "intent":"MEETING__PAUSE"
}]]>
              </value>
            </param>
          </params>
          <reporter-output>
          </reporter-output>
        </test-method> <!-- statusCodeTest -->
        <test-method is-config="true" signature="teardown(org.testng.ITestResult)[pri:0, instance:com.qa.tests.CVIMultiplInvkeMtngPauseTest@424e1977]" started-at="2020-06-02T11:14:47Z" name="teardown" finished-at="2020-06-02T11:14:47Z" duration-ms="8" status="PASS">
          <params>
            <param index="0">
              <value>
                <![CDATA[[TestResult name=statusCodeTest status=SUCCESS method=CVIMultiplInvkeMtngPauseTest.statusCodeTest(java.lang.String, java.lang.String, java.lang.String, java.lang.String, java.lang.String)[pri:0, instance:com.qa.tests.CVIMultiplInvkeMtngPauseTest@424e1977] output={null}]]]>
              </value>
            </param>
          </params>
          <reporter-output>
          </reporter-output>
        </test-method> <!-- teardown -->
      </class> <!-- com.qa.tests.CVIMultiplInvkeMtngPauseTest -->
      <class name="com.qa.tests.CVIMultiplInvkeMtngStrtTest">
        <test-method signature="contentTypeTest(java.lang.String, java.lang.String, java.lang.String, java.lang.String, java.lang.String)[pri:0, instance:com.qa.tests.CVIMultiplInvkeMtngStrtTest@762ef0ea]" started-at="2020-06-02T11:14:38Z" name="contentTypeTest" data-provider="POSTData" finished-at="2020-06-02T11:14:38Z" duration-ms="473" status="PASS">
          <params>
            <param index="0">
              <value>
                <![CDATA[/cvi/dm/api/v1/invoke/intent/json]]>
              </value>
            </param>
            <param index="1">
              <value>
                <![CDATA[application/json]]>
              </value>
            </param>
            <param index="2">
              <value>
                <![CDATA[application/json]]>
              </value>
            </param>
            <param index="3">
              <value>
                <![CDATA[b507d7ad-9e14-4a26-a3b5-0cc4ec2a2da9]]>
              </value>
            </param>
            <param index="4">
              <value>
                <![CDATA[{
  "entities":{
    "meeting_title":[
      {
        "literal":"Toronto"
      }
    ]
  },
  "intent":"MEETING__START"
}]]>
              </value>
            </param>
          </params>
          <reporter-output>
          </reporter-output>
        </test-method> <!-- contentTypeTest -->
        <test-method is-config="true" signature="teardown(org.testng.ITestResult)[pri:0, instance:com.qa.tests.CVIMultiplInvkeMtngStrtTest@762ef0ea]" started-at="2020-06-02T11:14:38Z" name="teardown" finished-at="2020-06-02T11:14:39Z" duration-ms="247" status="PASS">
          <params>
            <param index="0">
              <value>
                <![CDATA[[TestResult name=contentTypeTest status=SUCCESS method=CVIMultiplInvkeMtngStrtTest.contentTypeTest(java.lang.String, java.lang.String, java.lang.String, java.lang.String, java.lang.String)[pri:0, instance:com.qa.tests.CVIMultiplInvkeMtngStrtTest@762ef0ea] output={null}]]]>
              </value>
            </param>
          </params>
          <reporter-output>
          </reporter-output>
        </test-method> <!-- teardown -->
        <test-method signature="contentTypeTest(java.lang.String, java.lang.String, java.lang.String, java.lang.String, java.lang.String)[pri:0, instance:com.qa.tests.CVIMultiplInvkeMtngStrtTest@762ef0ea]" started-at="2020-06-02T11:14:39Z" name="contentTypeTest" data-provider="POSTData" finished-at="2020-06-02T11:14:39Z" duration-ms="354" status="PASS">
          <params>
            <param index="0">
              <value>
                <![CDATA[/cvi/dm/api/v1/invoke/intent/json]]>
              </value>
            </param>
            <param index="1">
              <value>
                <![CDATA[application/json]]>
              </value>
            </param>
            <param index="2">
              <value>
                <![CDATA[application/json]]>
              </value>
            </param>
            <param index="3">
              <value>
                <![CDATA[b507d7ad-9e14-4a26-a3b5-0cc4ec2a2da9]]>
              </value>
            </param>
            <param index="4">
              <value>
                <![CDATA[{
  "entities":{
    "meeting_title":[
      {
        "literal":"Messe"
      }
    ]
  },
  "intent":"MEETING__START"
}]]>
              </value>
            </param>
          </params>
          <reporter-output>
          </reporter-output>
        </test-method> <!-- contentTypeTest -->
        <test-method is-config="true" signature="teardown(org.testng.ITestResult)[pri:0, instance:com.qa.tests.CVIMultiplInvkeMtngStrtTest@762ef0ea]" started-at="2020-06-02T11:14:39Z" name="teardown" finished-at="2020-06-02T11:14:39Z" duration-ms="22" status="PASS">
          <params>
            <param index="0">
              <value>
                <![CDATA[[TestResult name=contentTypeTest status=SUCCESS method=CVIMultiplInvkeMtngStrtTest.contentTypeTest(java.lang.String, java.lang.String, java.lang.String, java.lang.String, java.lang.String)[pri:0, instance:com.qa.tests.CVIMultiplInvkeMtngStrtTest@762ef0ea] output={null}]]]>
              </value>
            </param>
          </params>
          <reporter-output>
          </reporter-output>
        </test-method> <!-- teardown -->
        <test-method signature="responseBodyTest(java.lang.String, java.lang.String, java.lang.String, java.lang.String, java.lang.String)[pri:0, instance:com.qa.tests.CVIMultiplInvkeMtngStrtTest@762ef0ea]" started-at="2020-06-02T11:14:39Z" name="responseBodyTest" data-provider="POSTData" finished-at="2020-06-02T11:14:40Z" duration-ms="242" status="PASS">
          <params>
            <param index="0">
              <value>
                <![CDATA[/cvi/dm/api/v1/invoke/intent/json]]>
              </value>
            </param>
            <param index="1">
              <value>
                <![CDATA[application/json]]>
              </value>
            </param>
            <param index="2">
              <value>
                <![CDATA[application/json]]>
              </value>
            </param>
            <param index="3">
              <value>
                <![CDATA[b507d7ad-9e14-4a26-a3b5-0cc4ec2a2da9]]>
              </value>
            </param>
            <param index="4">
              <value>
                <![CDATA[{
  "entities":{
    "meeting_title":[
      {
        "literal":"Toronto"
      }
    ]
  },
  "intent":"MEETING__START"
}]]>
              </value>
            </param>
          </params>
          <reporter-output>
          </reporter-output>
        </test-method> <!-- responseBodyTest -->
        <test-method is-config="true" signature="teardown(org.testng.ITestResult)[pri:0, instance:com.qa.tests.CVIMultiplInvkeMtngStrtTest@762ef0ea]" started-at="2020-06-02T11:14:40Z" name="teardown" finished-at="2020-06-02T11:14:40Z" duration-ms="19" status="PASS">
          <params>
            <param index="0">
              <value>
                <![CDATA[[TestResult name=responseBodyTest status=SUCCESS method=CVIMultiplInvkeMtngStrtTest.responseBodyTest(java.lang.String, java.lang.String, java.lang.String, java.lang.String, java.lang.String)[pri:0, instance:com.qa.tests.CVIMultiplInvkeMtngStrtTest@762ef0ea] output={null}]]]>
              </value>
            </param>
          </params>
          <reporter-output>
          </reporter-output>
        </test-method> <!-- teardown -->
        <test-method signature="responseBodyTest(java.lang.String, java.lang.String, java.lang.String, java.lang.String, java.lang.String)[pri:0, instance:com.qa.tests.CVIMultiplInvkeMtngStrtTest@762ef0ea]" started-at="2020-06-02T11:14:40Z" name="responseBodyTest" data-provider="POSTData" finished-at="2020-06-02T11:14:40Z" duration-ms="487" status="PASS">
          <params>
            <param index="0">
              <value>
                <![CDATA[/cvi/dm/api/v1/invoke/intent/json]]>
              </value>
            </param>
            <param index="1">
              <value>
                <![CDATA[application/json]]>
              </value>
            </param>
            <param index="2">
              <value>
                <![CDATA[application/json]]>
              </value>
            </param>
            <param index="3">
              <value>
                <![CDATA[b507d7ad-9e14-4a26-a3b5-0cc4ec2a2da9]]>
              </value>
            </param>
            <param index="4">
              <value>
                <![CDATA[{
  "entities":{
    "meeting_title":[
      {
        "literal":"Messe"
      }
    ]
  },
  "intent":"MEETING__START"
}]]>
              </value>
            </param>
          </params>
          <reporter-output>
          </reporter-output>
        </test-method> <!-- responseBodyTest -->
        <test-method is-config="true" signature="teardown(org.testng.ITestResult)[pri:0, instance:com.qa.tests.CVIMultiplInvkeMtngStrtTest@762ef0ea]" started-at="2020-06-02T11:14:40Z" name="teardown" finished-at="2020-06-02T11:14:40Z" duration-ms="19" status="PASS">
          <params>
            <param index="0">
              <value>
                <![CDATA[[TestResult name=responseBodyTest status=SUCCESS method=CVIMultiplInvkeMtngStrtTest.responseBodyTest(java.lang.String, java.lang.String, java.lang.String, java.lang.String, java.lang.String)[pri:0, instance:com.qa.tests.CVIMultiplInvkeMtngStrtTest@762ef0ea] output={null}]]]>
              </value>
            </param>
          </params>
          <reporter-output>
          </reporter-output>
        </test-method> <!-- teardown -->
        <test-method signature="responseTimeTest(java.lang.String, java.lang.String, java.lang.String, java.lang.String, java.lang.String)[pri:0, instance:com.qa.tests.CVIMultiplInvkeMtngStrtTest@762ef0ea]" started-at="2020-06-02T11:14:40Z" name="responseTimeTest" data-provider="POSTData" finished-at="2020-06-02T11:14:41Z" duration-ms="274" status="PASS">
          <params>
            <param index="0">
              <value>
                <![CDATA[/cvi/dm/api/v1/invoke/intent/json]]>
              </value>
            </param>
            <param index="1">
              <value>
                <![CDATA[application/json]]>
              </value>
            </param>
            <param index="2">
              <value>
                <![CDATA[application/json]]>
              </value>
            </param>
            <param index="3">
              <value>
                <![CDATA[b507d7ad-9e14-4a26-a3b5-0cc4ec2a2da9]]>
              </value>
            </param>
            <param index="4">
              <value>
                <![CDATA[{
  "entities":{
    "meeting_title":[
      {
        "literal":"Toronto"
      }
    ]
  },
  "intent":"MEETING__START"
}]]>
              </value>
            </param>
          </params>
          <reporter-output>
          </reporter-output>
        </test-method> <!-- responseTimeTest -->
        <test-method is-config="true" signature="teardown(org.testng.ITestResult)[pri:0, instance:com.qa.tests.CVIMultiplInvkeMtngStrtTest@762ef0ea]" started-at="2020-06-02T11:14:41Z" name="teardown" finished-at="2020-06-02T11:14:41Z" duration-ms="14" status="PASS">
          <params>
            <param index="0">
              <value>
                <![CDATA[[TestResult name=responseTimeTest status=SUCCESS method=CVIMultiplInvkeMtngStrtTest.responseTimeTest(java.lang.String, java.lang.String, java.lang.String, java.lang.String, java.lang.String)[pri:0, instance:com.qa.tests.CVIMultiplInvkeMtngStrtTest@762ef0ea] output={null}]]]>
              </value>
            </param>
          </params>
          <reporter-output>
          </reporter-output>
        </test-method> <!-- teardown -->
        <test-method signature="responseTimeTest(java.lang.String, java.lang.String, java.lang.String, java.lang.String, java.lang.String)[pri:0, instance:com.qa.tests.CVIMultiplInvkeMtngStrtTest@762ef0ea]" started-at="2020-06-02T11:14:41Z" name="responseTimeTest" data-provider="POSTData" finished-at="2020-06-02T11:14:41Z" duration-ms="487" status="PASS">
          <params>
            <param index="0">
              <value>
                <![CDATA[/cvi/dm/api/v1/invoke/intent/json]]>
              </value>
            </param>
            <param index="1">
              <value>
                <![CDATA[application/json]]>
              </value>
            </param>
            <param index="2">
              <value>
                <![CDATA[application/json]]>
              </value>
            </param>
            <param index="3">
              <value>
                <![CDATA[b507d7ad-9e14-4a26-a3b5-0cc4ec2a2da9]]>
              </value>
            </param>
            <param index="4">
              <value>
                <![CDATA[{
  "entities":{
    "meeting_title":[
      {
        "literal":"Messe"
      }
    ]
  },
  "intent":"MEETING__START"
}]]>
              </value>
            </param>
          </params>
          <reporter-output>
          </reporter-output>
        </test-method> <!-- responseTimeTest -->
        <test-method is-config="true" signature="teardown(org.testng.ITestResult)[pri:0, instance:com.qa.tests.CVIMultiplInvkeMtngStrtTest@762ef0ea]" started-at="2020-06-02T11:14:41Z" name="teardown" finished-at="2020-06-02T11:14:41Z" duration-ms="19" status="PASS">
          <params>
            <param index="0">
              <value>
                <![CDATA[[TestResult name=responseTimeTest status=SUCCESS method=CVIMultiplInvkeMtngStrtTest.responseTimeTest(java.lang.String, java.lang.String, java.lang.String, java.lang.String, java.lang.String)[pri:0, instance:com.qa.tests.CVIMultiplInvkeMtngStrtTest@762ef0ea] output={null}]]]>
              </value>
            </param>
          </params>
          <reporter-output>
          </reporter-output>
        </test-method> <!-- teardown -->
        <test-method signature="statusCodeTest(java.lang.String, java.lang.String, java.lang.String, java.lang.String, java.lang.String)[pri:0, instance:com.qa.tests.CVIMultiplInvkeMtngStrtTest@762ef0ea]" started-at="2020-06-02T11:14:41Z" name="statusCodeTest" data-provider="POSTData" finished-at="2020-06-02T11:14:42Z" duration-ms="509" status="PASS">
          <params>
            <param index="0">
              <value>
                <![CDATA[/cvi/dm/api/v1/invoke/intent/json]]>
              </value>
            </param>
            <param index="1">
              <value>
                <![CDATA[application/json]]>
              </value>
            </param>
            <param index="2">
              <value>
                <![CDATA[application/json]]>
              </value>
            </param>
            <param index="3">
              <value>
                <![CDATA[b507d7ad-9e14-4a26-a3b5-0cc4ec2a2da9]]>
              </value>
            </param>
            <param index="4">
              <value>
                <![CDATA[{
  "entities":{
    "meeting_title":[
      {
        "literal":"Toronto"
      }
    ]
  },
  "intent":"MEETING__START"
}]]>
              </value>
            </param>
          </params>
          <reporter-output>
          </reporter-output>
        </test-method> <!-- statusCodeTest -->
        <test-method is-config="true" signature="teardown(org.testng.ITestResult)[pri:0, instance:com.qa.tests.CVIMultiplInvkeMtngStrtTest@762ef0ea]" started-at="2020-06-02T11:14:42Z" name="teardown" finished-at="2020-06-02T11:14:42Z" duration-ms="13" status="PASS">
          <params>
            <param index="0">
              <value>
                <![CDATA[[TestResult name=statusCodeTest status=SUCCESS method=CVIMultiplInvkeMtngStrtTest.statusCodeTest(java.lang.String, java.lang.String, java.lang.String, java.lang.String, java.lang.String)[pri:0, instance:com.qa.tests.CVIMultiplInvkeMtngStrtTest@762ef0ea] output={null}]]]>
              </value>
            </param>
          </params>
          <reporter-output>
          </reporter-output>
        </test-method> <!-- teardown -->
        <test-method signature="statusCodeTest(java.lang.String, java.lang.String, java.lang.String, java.lang.String, java.lang.String)[pri:0, instance:com.qa.tests.CVIMultiplInvkeMtngStrtTest@762ef0ea]" started-at="2020-06-02T11:14:42Z" name="statusCodeTest" data-provider="POSTData" finished-at="2020-06-02T11:14:42Z" duration-ms="399" status="PASS">
          <params>
            <param index="0">
              <value>
                <![CDATA[/cvi/dm/api/v1/invoke/intent/json]]>
              </value>
            </param>
            <param index="1">
              <value>
                <![CDATA[application/json]]>
              </value>
            </param>
            <param index="2">
              <value>
                <![CDATA[application/json]]>
              </value>
            </param>
            <param index="3">
              <value>
                <![CDATA[b507d7ad-9e14-4a26-a3b5-0cc4ec2a2da9]]>
              </value>
            </param>
            <param index="4">
              <value>
                <![CDATA[{
  "entities":{
    "meeting_title":[
      {
        "literal":"Messe"
      }
    ]
  },
  "intent":"MEETING__START"
}]]>
              </value>
            </param>
          </params>
          <reporter-output>
          </reporter-output>
        </test-method> <!-- statusCodeTest -->
        <test-method is-config="true" signature="teardown(org.testng.ITestResult)[pri:0, instance:com.qa.tests.CVIMultiplInvkeMtngStrtTest@762ef0ea]" started-at="2020-06-02T11:14:42Z" name="teardown" finished-at="2020-06-02T11:14:42Z" duration-ms="20" status="PASS">
          <params>
            <param index="0">
              <value>
                <![CDATA[[TestResult name=statusCodeTest status=SUCCESS method=CVIMultiplInvkeMtngStrtTest.statusCodeTest(java.lang.String, java.lang.String, java.lang.String, java.lang.String, java.lang.String)[pri:0, instance:com.qa.tests.CVIMultiplInvkeMtngStrtTest@762ef0ea] output={null}]]]>
              </value>
            </param>
          </params>
          <reporter-output>
          </reporter-output>
        </test-method> <!-- teardown -->
      </class> <!-- com.qa.tests.CVIMultiplInvkeMtngStrtTest -->
      <class name="com.qa.tests.CVIMultiplInvkeMtngResumTest">
        <test-method signature="contentTypeTest(java.lang.String, java.lang.String, java.lang.String, java.lang.String, java.lang.String)[pri:0, instance:com.qa.tests.CVIMultiplInvkeMtngResumTest@10d68fcd]" started-at="2020-06-02T11:14:47Z" name="contentTypeTest" data-provider="POSTData" finished-at="2020-06-02T11:14:47Z" duration-ms="98" status="PASS">
          <params>
            <param index="0">
              <value>
                <![CDATA[/cvi/dm/api/v1/invoke/intent/json]]>
              </value>
            </param>
            <param index="1">
              <value>
                <![CDATA[application/json]]>
              </value>
            </param>
            <param index="2">
              <value>
                <![CDATA[application/json]]>
              </value>
            </param>
            <param index="3">
              <value>
                <![CDATA[b507d7ad-9e14-4a26-a3b5-0cc4ec2a2da9]]>
              </value>
            </param>
            <param index="4">
              <value>
                <![CDATA[{
  "entities":{
    "meeting_title":[
      {
        "literal":"Toronto"
      }
    ]
  },
  "intent":"MEETING__RESUME"
}]]>
              </value>
            </param>
          </params>
          <reporter-output>
          </reporter-output>
        </test-method> <!-- contentTypeTest -->
        <test-method is-config="true" signature="teardown(org.testng.ITestResult)[pri:0, instance:com.qa.tests.CVIMultiplInvkeMtngResumTest@10d68fcd]" started-at="2020-06-02T11:14:47Z" name="teardown" finished-at="2020-06-02T11:14:47Z" duration-ms="3" status="PASS">
          <params>
            <param index="0">
              <value>
                <![CDATA[[TestResult name=contentTypeTest status=SUCCESS method=CVIMultiplInvkeMtngResumTest.contentTypeTest(java.lang.String, java.lang.String, java.lang.String, java.lang.String, java.lang.String)[pri:0, instance:com.qa.tests.CVIMultiplInvkeMtngResumTest@10d68fcd] output={null}]]]>
              </value>
            </param>
          </params>
          <reporter-output>
          </reporter-output>
        </test-method> <!-- teardown -->
        <test-method signature="contentTypeTest(java.lang.String, java.lang.String, java.lang.String, java.lang.String, java.lang.String)[pri:0, instance:com.qa.tests.CVIMultiplInvkeMtngResumTest@10d68fcd]" started-at="2020-06-02T11:14:47Z" name="contentTypeTest" data-provider="POSTData" finished-at="2020-06-02T11:14:47Z" duration-ms="295" status="PASS">
          <params>
            <param index="0">
              <value>
                <![CDATA[/cvi/dm/api/v1/invoke/intent/json]]>
              </value>
            </param>
            <param index="1">
              <value>
                <![CDATA[application/json]]>
              </value>
            </param>
            <param index="2">
              <value>
                <![CDATA[application/json]]>
              </value>
            </param>
            <param index="3">
              <value>
                <![CDATA[b507d7ad-9e14-4a26-a3b5-0cc4ec2a2da9]]>
              </value>
            </param>
            <param index="4">
              <value>
                <![CDATA[{
  "entities":{
    "meeting_title":[
      {
        "literal":"Messe"
      }
    ]
  },
  "intent":"MEETING__RESUME"
}]]>
              </value>
            </param>
          </params>
          <reporter-output>
          </reporter-output>
        </test-method> <!-- contentTypeTest -->
        <test-method is-config="true" signature="teardown(org.testng.ITestResult)[pri:0, instance:com.qa.tests.CVIMultiplInvkeMtngResumTest@10d68fcd]" started-at="2020-06-02T11:14:47Z" name="teardown" finished-at="2020-06-02T11:14:47Z" duration-ms="8" status="PASS">
          <params>
            <param index="0">
              <value>
                <![CDATA[[TestResult name=contentTypeTest status=SUCCESS method=CVIMultiplInvkeMtngResumTest.contentTypeTest(java.lang.String, java.lang.String, java.lang.String, java.lang.String, java.lang.String)[pri:0, instance:com.qa.tests.CVIMultiplInvkeMtngResumTest@10d68fcd] output={null}]]]>
              </value>
            </param>
          </params>
          <reporter-output>
          </reporter-output>
        </test-method> <!-- teardown -->
        <test-method signature="responseBodyTest(java.lang.String, java.lang.String, java.lang.String, java.lang.String, java.lang.String)[pri:0, instance:com.qa.tests.CVIMultiplInvkeMtngResumTest@10d68fcd]" started-at="2020-06-02T11:14:48Z" name="responseBodyTest" data-provider="POSTData" finished-at="2020-06-02T11:14:48Z" duration-ms="185" status="PASS">
          <params>
            <param index="0">
              <value>
                <![CDATA[/cvi/dm/api/v1/invoke/intent/json]]>
              </value>
            </param>
            <param index="1">
              <value>
                <![CDATA[application/json]]>
              </value>
            </param>
            <param index="2">
              <value>
                <![CDATA[application/json]]>
              </value>
            </param>
            <param index="3">
              <value>
                <![CDATA[b507d7ad-9e14-4a26-a3b5-0cc4ec2a2da9]]>
              </value>
            </param>
            <param index="4">
              <value>
                <![CDATA[{
  "entities":{
    "meeting_title":[
      {
        "literal":"Toronto"
      }
    ]
  },
  "intent":"MEETING__RESUME"
}]]>
              </value>
            </param>
          </params>
          <reporter-output>
          </reporter-output>
        </test-method> <!-- responseBodyTest -->
        <test-method is-config="true" signature="teardown(org.testng.ITestResult)[pri:0, instance:com.qa.tests.CVIMultiplInvkeMtngResumTest@10d68fcd]" started-at="2020-06-02T11:14:48Z" name="teardown" finished-at="2020-06-02T11:14:48Z" duration-ms="2" status="PASS">
          <params>
            <param index="0">
              <value>
                <![CDATA[[TestResult name=responseBodyTest status=SUCCESS method=CVIMultiplInvkeMtngResumTest.responseBodyTest(java.lang.String, java.lang.String, java.lang.String, java.lang.String, java.lang.String)[pri:0, instance:com.qa.tests.CVIMultiplInvkeMtngResumTest@10d68fcd] output={null}]]]>
              </value>
            </param>
          </params>
          <reporter-output>
          </reporter-output>
        </test-method> <!-- teardown -->
        <test-method signature="responseBodyTest(java.lang.String, java.lang.String, java.lang.String, java.lang.String, java.lang.String)[pri:0, instance:com.qa.tests.CVIMultiplInvkeMtngResumTest@10d68fcd]" started-at="2020-06-02T11:14:48Z" name="responseBodyTest" data-provider="POSTData" finished-at="2020-06-02T11:14:48Z" duration-ms="303" status="PASS">
          <params>
            <param index="0">
              <value>
                <![CDATA[/cvi/dm/api/v1/invoke/intent/json]]>
              </value>
            </param>
            <param index="1">
              <value>
                <![CDATA[application/json]]>
              </value>
            </param>
            <param index="2">
              <value>
                <![CDATA[application/json]]>
              </value>
            </param>
            <param index="3">
              <value>
                <![CDATA[b507d7ad-9e14-4a26-a3b5-0cc4ec2a2da9]]>
              </value>
            </param>
            <param index="4">
              <value>
                <![CDATA[{
  "entities":{
    "meeting_title":[
      {
        "literal":"Messe"
      }
    ]
  },
  "intent":"MEETING__RESUME"
}]]>
              </value>
            </param>
          </params>
          <reporter-output>
          </reporter-output>
        </test-method> <!-- responseBodyTest -->
        <test-method is-config="true" signature="teardown(org.testng.ITestResult)[pri:0, instance:com.qa.tests.CVIMultiplInvkeMtngResumTest@10d68fcd]" started-at="2020-06-02T11:14:48Z" name="teardown" finished-at="2020-06-02T11:14:48Z" duration-ms="8" status="PASS">
          <params>
            <param index="0">
              <value>
                <![CDATA[[TestResult name=responseBodyTest status=SUCCESS method=CVIMultiplInvkeMtngResumTest.responseBodyTest(java.lang.String, java.lang.String, java.lang.String, java.lang.String, java.lang.String)[pri:0, instance:com.qa.tests.CVIMultiplInvkeMtngResumTest@10d68fcd] output={null}]]]>
              </value>
            </param>
          </params>
          <reporter-output>
          </reporter-output>
        </test-method> <!-- teardown -->
        <test-method signature="responseTimeTest(java.lang.String, java.lang.String, java.lang.String, java.lang.String, java.lang.String)[pri:0, instance:com.qa.tests.CVIMultiplInvkeMtngResumTest@10d68fcd]" started-at="2020-06-02T11:14:48Z" name="responseTimeTest" data-provider="POSTData" finished-at="2020-06-02T11:14:48Z" duration-ms="184" status="PASS">
          <params>
            <param index="0">
              <value>
                <![CDATA[/cvi/dm/api/v1/invoke/intent/json]]>
              </value>
            </param>
            <param index="1">
              <value>
                <![CDATA[application/json]]>
              </value>
            </param>
            <param index="2">
              <value>
                <![CDATA[application/json]]>
              </value>
            </param>
            <param index="3">
              <value>
                <![CDATA[b507d7ad-9e14-4a26-a3b5-0cc4ec2a2da9]]>
              </value>
            </param>
            <param index="4">
              <value>
                <![CDATA[{
  "entities":{
    "meeting_title":[
      {
        "literal":"Toronto"
      }
    ]
  },
  "intent":"MEETING__RESUME"
}]]>
              </value>
            </param>
          </params>
          <reporter-output>
          </reporter-output>
        </test-method> <!-- responseTimeTest -->
        <test-method is-config="true" signature="teardown(org.testng.ITestResult)[pri:0, instance:com.qa.tests.CVIMultiplInvkeMtngResumTest@10d68fcd]" started-at="2020-06-02T11:14:48Z" name="teardown" finished-at="2020-06-02T11:14:48Z" duration-ms="11" status="PASS">
          <params>
            <param index="0">
              <value>
                <![CDATA[[TestResult name=responseTimeTest status=SUCCESS method=CVIMultiplInvkeMtngResumTest.responseTimeTest(java.lang.String, java.lang.String, java.lang.String, java.lang.String, java.lang.String)[pri:0, instance:com.qa.tests.CVIMultiplInvkeMtngResumTest@10d68fcd] output={null}]]]>
              </value>
            </param>
          </params>
          <reporter-output>
          </reporter-output>
        </test-method> <!-- teardown -->
        <test-method signature="responseTimeTest(java.lang.String, java.lang.String, java.lang.String, java.lang.String, java.lang.String)[pri:0, instance:com.qa.tests.CVIMultiplInvkeMtngResumTest@10d68fcd]" started-at="2020-06-02T11:14:48Z" name="responseTimeTest" data-provider="POSTData" finished-at="2020-06-02T11:14:49Z" duration-ms="285" status="PASS">
          <params>
            <param index="0">
              <value>
                <![CDATA[/cvi/dm/api/v1/invoke/intent/json]]>
              </value>
            </param>
            <param index="1">
              <value>
                <![CDATA[application/json]]>
              </value>
            </param>
            <param index="2">
              <value>
                <![CDATA[application/json]]>
              </value>
            </param>
            <param index="3">
              <value>
                <![CDATA[b507d7ad-9e14-4a26-a3b5-0cc4ec2a2da9]]>
              </value>
            </param>
            <param index="4">
              <value>
                <![CDATA[{
  "entities":{
    "meeting_title":[
      {
        "literal":"Messe"
      }
    ]
  },
  "intent":"MEETING__RESUME"
}]]>
              </value>
            </param>
          </params>
          <reporter-output>
          </reporter-output>
        </test-method> <!-- responseTimeTest -->
        <test-method is-config="true" signature="teardown(org.testng.ITestResult)[pri:0, instance:com.qa.tests.CVIMultiplInvkeMtngResumTest@10d68fcd]" started-at="2020-06-02T11:14:49Z" name="teardown" finished-at="2020-06-02T11:14:49Z" duration-ms="11" status="PASS">
          <params>
            <param index="0">
              <value>
                <![CDATA[[TestResult name=responseTimeTest status=SUCCESS method=CVIMultiplInvkeMtngResumTest.responseTimeTest(java.lang.String, java.lang.String, java.lang.String, java.lang.String, java.lang.String)[pri:0, instance:com.qa.tests.CVIMultiplInvkeMtngResumTest@10d68fcd] output={null}]]]>
              </value>
            </param>
          </params>
          <reporter-output>
          </reporter-output>
        </test-method> <!-- teardown -->
        <test-method signature="statusCodeTest(java.lang.String, java.lang.String, java.lang.String, java.lang.String, java.lang.String)[pri:0, instance:com.qa.tests.CVIMultiplInvkeMtngResumTest@10d68fcd]" started-at="2020-06-02T11:14:49Z" name="statusCodeTest" data-provider="POSTData" finished-at="2020-06-02T11:14:49Z" duration-ms="98" status="PASS">
          <params>
            <param index="0">
              <value>
                <![CDATA[/cvi/dm/api/v1/invoke/intent/json]]>
              </value>
            </param>
            <param index="1">
              <value>
                <![CDATA[application/json]]>
              </value>
            </param>
            <param index="2">
              <value>
                <![CDATA[application/json]]>
              </value>
            </param>
            <param index="3">
              <value>
                <![CDATA[b507d7ad-9e14-4a26-a3b5-0cc4ec2a2da9]]>
              </value>
            </param>
            <param index="4">
              <value>
                <![CDATA[{
  "entities":{
    "meeting_title":[
      {
        "literal":"Toronto"
      }
    ]
  },
  "intent":"MEETING__RESUME"
}]]>
              </value>
            </param>
          </params>
          <reporter-output>
          </reporter-output>
        </test-method> <!-- statusCodeTest -->
        <test-method is-config="true" signature="teardown(org.testng.ITestResult)[pri:0, instance:com.qa.tests.CVIMultiplInvkeMtngResumTest@10d68fcd]" started-at="2020-06-02T11:14:49Z" name="teardown" finished-at="2020-06-02T11:14:49Z" duration-ms="3" status="PASS">
          <params>
            <param index="0">
              <value>
                <![CDATA[[TestResult name=statusCodeTest status=SUCCESS method=CVIMultiplInvkeMtngResumTest.statusCodeTest(java.lang.String, java.lang.String, java.lang.String, java.lang.String, java.lang.String)[pri:0, instance:com.qa.tests.CVIMultiplInvkeMtngResumTest@10d68fcd] output={null}]]]>
              </value>
            </param>
          </params>
          <reporter-output>
          </reporter-output>
        </test-method> <!-- teardown -->
        <test-method signature="statusCodeTest(java.lang.String, java.lang.String, java.lang.String, java.lang.String, java.lang.String)[pri:0, instance:com.qa.tests.CVIMultiplInvkeMtngResumTest@10d68fcd]" started-at="2020-06-02T11:14:49Z" name="statusCodeTest" data-provider="POSTData" finished-at="2020-06-02T11:14:49Z" duration-ms="204" status="PASS">
          <params>
            <param index="0">
              <value>
                <![CDATA[/cvi/dm/api/v1/invoke/intent/json]]>
              </value>
            </param>
            <param index="1">
              <value>
                <![CDATA[application/json]]>
              </value>
            </param>
            <param index="2">
              <value>
                <![CDATA[application/json]]>
              </value>
            </param>
            <param index="3">
              <value>
                <![CDATA[b507d7ad-9e14-4a26-a3b5-0cc4ec2a2da9]]>
              </value>
            </param>
            <param index="4">
              <value>
                <![CDATA[{
  "entities":{
    "meeting_title":[
      {
        "literal":"Messe"
      }
    ]
  },
  "intent":"MEETING__RESUME"
}]]>
              </value>
            </param>
          </params>
          <reporter-output>
          </reporter-output>
        </test-method> <!-- statusCodeTest -->
        <test-method is-config="true" signature="teardown(org.testng.ITestResult)[pri:0, instance:com.qa.tests.CVIMultiplInvkeMtngResumTest@10d68fcd]" started-at="2020-06-02T11:14:49Z" name="teardown" finished-at="2020-06-02T11:14:49Z" duration-ms="26" status="PASS">
          <params>
            <param index="0">
              <value>
                <![CDATA[[TestResult name=statusCodeTest status=SUCCESS method=CVIMultiplInvkeMtngResumTest.statusCodeTest(java.lang.String, java.lang.String, java.lang.String, java.lang.String, java.lang.String)[pri:0, instance:com.qa.tests.CVIMultiplInvkeMtngResumTest@10d68fcd] output={null}]]]>
              </value>
            </param>
          </params>
          <reporter-output>
          </reporter-output>
        </test-method> <!-- teardown -->
      </class> <!-- com.qa.tests.CVIMultiplInvkeMtngResumTest -->
      <class name="com.qa.tests.CVIMultiplInvkeMtngEndTest">
        <test-method is-config="true" signature="login()[pri:0, instance:com.qa.tests.CVIMultiplInvkeMtngEndTest@31f9b85e]" started-at="2020-06-02T11:14:36Z" name="login" finished-at="2020-06-02T11:14:37Z" duration-ms="1490" status="PASS">
          <reporter-output>
          </reporter-output>
        </test-method> <!-- login -->
        <test-method is-config="true" signature="login()[pri:0, instance:com.qa.tests.CVIMultiplInvkeMtngPauseTest@424e1977]" started-at="2020-06-02T11:14:37Z" name="login" finished-at="2020-06-02T11:14:37Z" duration-ms="103" status="PASS">
          <reporter-output>
          </reporter-output>
        </test-method> <!-- login -->
        <test-method is-config="true" signature="login()[pri:0, instance:com.qa.tests.CVIMultiplInvkeMtngResumTest@10d68fcd]" started-at="2020-06-02T11:14:37Z" name="login" finished-at="2020-06-02T11:14:37Z" duration-ms="116" status="PASS">
          <reporter-output>
          </reporter-output>
        </test-method> <!-- login -->
        <test-method is-config="true" signature="login()[pri:0, instance:com.qa.tests.CVIMultiplInvkeMtngStrtTest@762ef0ea]" started-at="2020-06-02T11:14:37Z" name="login" finished-at="2020-06-02T11:14:37Z" duration-ms="82" status="PASS">
          <reporter-output>
          </reporter-output>
        </test-method> <!-- login -->
        <test-method signature="contentTypeTest(java.lang.String, java.lang.String, java.lang.String, java.lang.String, java.lang.String)[pri:0, instance:com.qa.tests.CVIMultiplInvkeMtngEndTest@31f9b85e]" started-at="2020-06-02T11:14:42Z" name="contentTypeTest" data-provider="POSTData" finished-at="2020-06-02T11:14:43Z" duration-ms="242" status="PASS">
          <params>
            <param index="0">
              <value>
                <![CDATA[/cvi/dm/api/v1/invoke/intent/json]]>
              </value>
            </param>
            <param index="1">
              <value>
                <![CDATA[application/json]]>
              </value>
            </param>
            <param index="2">
              <value>
                <![CDATA[application/json]]>
              </value>
            </param>
            <param index="3">
              <value>
                <![CDATA[b507d7ad-9e14-4a26-a3b5-0cc4ec2a2da9]]>
              </value>
            </param>
            <param index="4">
              <value>
                <![CDATA[{
  "entities":{
    "meeting_title":[
      {
        "literal":"Toronto"
      }
    ]
  },
  "intent":"MEETING__END"
}]]>
              </value>
            </param>
          </params>
          <reporter-output>
          </reporter-output>
        </test-method> <!-- contentTypeTest -->
        <test-method is-config="true" signature="teardown(org.testng.ITestResult)[pri:0, instance:com.qa.tests.CVIMultiplInvkeMtngEndTest@31f9b85e]" started-at="2020-06-02T11:14:43Z" name="teardown" finished-at="2020-06-02T11:14:43Z" duration-ms="13" status="PASS">
          <params>
            <param index="0">
              <value>
                <![CDATA[[TestResult name=contentTypeTest status=SUCCESS method=CVIMultiplInvkeMtngEndTest.contentTypeTest(java.lang.String, java.lang.String, java.lang.String, java.lang.String, java.lang.String)[pri:0, instance:com.qa.tests.CVIMultiplInvkeMtngEndTest@31f9b85e] output={null}]]]>
              </value>
            </param>
          </params>
          <reporter-output>
          </reporter-output>
        </test-method> <!-- teardown -->
        <test-method signature="contentTypeTest(java.lang.String, java.lang.String, java.lang.String, java.lang.String, java.lang.String)[pri:0, instance:com.qa.tests.CVIMultiplInvkeMtngEndTest@31f9b85e]" started-at="2020-06-02T11:14:43Z" name="contentTypeTest" data-provider="POSTData" finished-at="2020-06-02T11:14:43Z" duration-ms="193" status="PASS">
          <params>
            <param index="0">
              <value>
                <![CDATA[/cvi/dm/api/v1/invoke/intent/json]]>
              </value>
            </param>
            <param index="1">
              <value>
                <![CDATA[application/json]]>
              </value>
            </param>
            <param index="2">
              <value>
                <![CDATA[application/json]]>
              </value>
            </param>
            <param index="3">
              <value>
                <![CDATA[b507d7ad-9e14-4a26-a3b5-0cc4ec2a2da9]]>
              </value>
            </param>
            <param index="4">
              <value>
                <![CDATA[{
  "entities":{
    "meeting_title":[
      {
        "literal":"Messe"
      }
    ]
  },
  "intent":"MEETING__END"
}]]>
              </value>
            </param>
          </params>
          <reporter-output>
          </reporter-output>
        </test-method> <!-- contentTypeTest -->
        <test-method is-config="true" signature="teardown(org.testng.ITestResult)[pri:0, instance:com.qa.tests.CVIMultiplInvkeMtngEndTest@31f9b85e]" started-at="2020-06-02T11:14:43Z" name="teardown" finished-at="2020-06-02T11:14:43Z" duration-ms="13" status="PASS">
          <params>
            <param index="0">
              <value>
                <![CDATA[[TestResult name=contentTypeTest status=SUCCESS method=CVIMultiplInvkeMtngEndTest.contentTypeTest(java.lang.String, java.lang.String, java.lang.String, java.lang.String, java.lang.String)[pri:0, instance:com.qa.tests.CVIMultiplInvkeMtngEndTest@31f9b85e] output={null}]]]>
              </value>
            </param>
          </params>
          <reporter-output>
          </reporter-output>
        </test-method> <!-- teardown -->
        <test-method signature="responseBodyTest(java.lang.String, java.lang.String, java.lang.String, java.lang.String, java.lang.String)[pri:0, instance:com.qa.tests.CVIMultiplInvkeMtngEndTest@31f9b85e]" started-at="2020-06-02T11:14:43Z" name="responseBodyTest" data-provider="POSTData" finished-at="2020-06-02T11:14:43Z" duration-ms="114" status="PASS">
          <params>
            <param index="0">
              <value>
                <![CDATA[/cvi/dm/api/v1/invoke/intent/json]]>
              </value>
            </param>
            <param index="1">
              <value>
                <![CDATA[application/json]]>
              </value>
            </param>
            <param index="2">
              <value>
                <![CDATA[application/json]]>
              </value>
            </param>
            <param index="3">
              <value>
                <![CDATA[b507d7ad-9e14-4a26-a3b5-0cc4ec2a2da9]]>
              </value>
            </param>
            <param index="4">
              <value>
                <![CDATA[{
  "entities":{
    "meeting_title":[
      {
        "literal":"Toronto"
      }
    ]
  },
  "intent":"MEETING__END"
}]]>
              </value>
            </param>
          </params>
          <reporter-output>
          </reporter-output>
        </test-method> <!-- responseBodyTest -->
        <test-method is-config="true" signature="teardown(org.testng.ITestResult)[pri:0, instance:com.qa.tests.CVIMultiplInvkeMtngEndTest@31f9b85e]" started-at="2020-06-02T11:14:43Z" name="teardown" finished-at="2020-06-02T11:14:43Z" duration-ms="17" status="PASS">
          <params>
            <param index="0">
              <value>
                <![CDATA[[TestResult name=responseBodyTest status=SUCCESS method=CVIMultiplInvkeMtngEndTest.responseBodyTest(java.lang.String, java.lang.String, java.lang.String, java.lang.String, java.lang.String)[pri:0, instance:com.qa.tests.CVIMultiplInvkeMtngEndTest@31f9b85e] output={null}]]]>
              </value>
            </param>
          </params>
          <reporter-output>
          </reporter-output>
        </test-method> <!-- teardown -->
        <test-method signature="responseBodyTest(java.lang.String, java.lang.String, java.lang.String, java.lang.String, java.lang.String)[pri:0, instance:com.qa.tests.CVIMultiplInvkeMtngEndTest@31f9b85e]" started-at="2020-06-02T11:14:43Z" name="responseBodyTest" data-provider="POSTData" finished-at="2020-06-02T11:14:43Z" duration-ms="245" status="PASS">
          <params>
            <param index="0">
              <value>
                <![CDATA[/cvi/dm/api/v1/invoke/intent/json]]>
              </value>
            </param>
            <param index="1">
              <value>
                <![CDATA[application/json]]>
              </value>
            </param>
            <param index="2">
              <value>
                <![CDATA[application/json]]>
              </value>
            </param>
            <param index="3">
              <value>
                <![CDATA[b507d7ad-9e14-4a26-a3b5-0cc4ec2a2da9]]>
              </value>
            </param>
            <param index="4">
              <value>
                <![CDATA[{
  "entities":{
    "meeting_title":[
      {
        "literal":"Messe"
      }
    ]
  },
  "intent":"MEETING__END"
}]]>
              </value>
            </param>
          </params>
          <reporter-output>
          </reporter-output>
        </test-method> <!-- responseBodyTest -->
        <test-method is-config="true" signature="teardown(org.testng.ITestResult)[pri:0, instance:com.qa.tests.CVIMultiplInvkeMtngEndTest@31f9b85e]" started-at="2020-06-02T11:14:43Z" name="teardown" finished-at="2020-06-02T11:14:43Z" duration-ms="9" status="PASS">
          <params>
            <param index="0">
              <value>
                <![CDATA[[TestResult name=responseBodyTest status=SUCCESS method=CVIMultiplInvkeMtngEndTest.responseBodyTest(java.lang.String, java.lang.String, java.lang.String, java.lang.String, java.lang.String)[pri:0, instance:com.qa.tests.CVIMultiplInvkeMtngEndTest@31f9b85e] output={null}]]]>
              </value>
            </param>
          </params>
          <reporter-output>
          </reporter-output>
        </test-method> <!-- teardown -->
        <test-method signature="responseTimeTest(java.lang.String, java.lang.String, java.lang.String, java.lang.String, java.lang.String)[pri:0, instance:com.qa.tests.CVIMultiplInvkeMtngEndTest@31f9b85e]" started-at="2020-06-02T11:14:43Z" name="responseTimeTest" data-provider="POSTData" finished-at="2020-06-02T11:14:44Z" duration-ms="160" status="PASS">
          <params>
            <param index="0">
              <value>
                <![CDATA[/cvi/dm/api/v1/invoke/intent/json]]>
              </value>
            </param>
            <param index="1">
              <value>
                <![CDATA[application/json]]>
              </value>
            </param>
            <param index="2">
              <value>
                <![CDATA[application/json]]>
              </value>
            </param>
            <param index="3">
              <value>
                <![CDATA[b507d7ad-9e14-4a26-a3b5-0cc4ec2a2da9]]>
              </value>
            </param>
            <param index="4">
              <value>
                <![CDATA[{
  "entities":{
    "meeting_title":[
      {
        "literal":"Toronto"
      }
    ]
  },
  "intent":"MEETING__END"
}]]>
              </value>
            </param>
          </params>
          <reporter-output>
          </reporter-output>
        </test-method> <!-- responseTimeTest -->
        <test-method is-config="true" signature="teardown(org.testng.ITestResult)[pri:0, instance:com.qa.tests.CVIMultiplInvkeMtngEndTest@31f9b85e]" started-at="2020-06-02T11:14:44Z" name="teardown" finished-at="2020-06-02T11:14:44Z" duration-ms="14" status="PASS">
          <params>
            <param index="0">
              <value>
                <![CDATA[[TestResult name=responseTimeTest status=SUCCESS method=CVIMultiplInvkeMtngEndTest.responseTimeTest(java.lang.String, java.lang.String, java.lang.String, java.lang.String, java.lang.String)[pri:0, instance:com.qa.tests.CVIMultiplInvkeMtngEndTest@31f9b85e] output={null}]]]>
              </value>
            </param>
          </params>
          <reporter-output>
          </reporter-output>
        </test-method> <!-- teardown -->
        <test-method signature="responseTimeTest(java.lang.String, java.lang.String, java.lang.String, java.lang.String, java.lang.String)[pri:0, instance:com.qa.tests.CVIMultiplInvkeMtngEndTest@31f9b85e]" started-at="2020-06-02T11:14:44Z" name="responseTimeTest" data-provider="POSTData" finished-at="2020-06-02T11:14:44Z" duration-ms="282" status="PASS">
          <params>
            <param index="0">
              <value>
                <![CDATA[/cvi/dm/api/v1/invoke/intent/json]]>
              </value>
            </param>
            <param index="1">
              <value>
                <![CDATA[application/json]]>
              </value>
            </param>
            <param index="2">
              <value>
                <![CDATA[application/json]]>
              </value>
            </param>
            <param index="3">
              <value>
                <![CDATA[b507d7ad-9e14-4a26-a3b5-0cc4ec2a2da9]]>
              </value>
            </param>
            <param index="4">
              <value>
                <![CDATA[{
  "entities":{
    "meeting_title":[
      {
        "literal":"Messe"
      }
    ]
  },
  "intent":"MEETING__END"
}]]>
              </value>
            </param>
          </params>
          <reporter-output>
          </reporter-output>
        </test-method> <!-- responseTimeTest -->
        <test-method is-config="true" signature="teardown(org.testng.ITestResult)[pri:0, instance:com.qa.tests.CVIMultiplInvkeMtngEndTest@31f9b85e]" started-at="2020-06-02T11:14:44Z" name="teardown" finished-at="2020-06-02T11:14:44Z" duration-ms="18" status="PASS">
          <params>
            <param index="0">
              <value>
                <![CDATA[[TestResult name=responseTimeTest status=SUCCESS method=CVIMultiplInvkeMtngEndTest.responseTimeTest(java.lang.String, java.lang.String, java.lang.String, java.lang.String, java.lang.String)[pri:0, instance:com.qa.tests.CVIMultiplInvkeMtngEndTest@31f9b85e] output={null}]]]>
              </value>
            </param>
          </params>
          <reporter-output>
          </reporter-output>
        </test-method> <!-- teardown -->
        <test-method signature="statusCodeTest(java.lang.String, java.lang.String, java.lang.String, java.lang.String, java.lang.String)[pri:0, instance:com.qa.tests.CVIMultiplInvkeMtngEndTest@31f9b85e]" started-at="2020-06-02T11:14:44Z" name="statusCodeTest" data-provider="POSTData" finished-at="2020-06-02T11:14:44Z" duration-ms="187" status="PASS">
          <params>
            <param index="0">
              <value>
                <![CDATA[/cvi/dm/api/v1/invoke/intent/json]]>
              </value>
            </param>
            <param index="1">
              <value>
                <![CDATA[application/json]]>
              </value>
            </param>
            <param index="2">
              <value>
                <![CDATA[application/json]]>
              </value>
            </param>
            <param index="3">
              <value>
                <![CDATA[b507d7ad-9e14-4a26-a3b5-0cc4ec2a2da9]]>
              </value>
            </param>
            <param index="4">
              <value>
                <![CDATA[{
  "entities":{
    "meeting_title":[
      {
        "literal":"Toronto"
      }
    ]
  },
  "intent":"MEETING__END"
}]]>
              </value>
            </param>
          </params>
          <reporter-output>
          </reporter-output>
        </test-method> <!-- statusCodeTest -->
        <test-method is-config="true" signature="teardown(org.testng.ITestResult)[pri:0, instance:com.qa.tests.CVIMultiplInvkeMtngEndTest@31f9b85e]" started-at="2020-06-02T11:14:44Z" name="teardown" finished-at="2020-06-02T11:14:44Z" duration-ms="13" status="PASS">
          <params>
            <param index="0">
              <value>
                <![CDATA[[TestResult name=statusCodeTest status=SUCCESS method=CVIMultiplInvkeMtngEndTest.statusCodeTest(java.lang.String, java.lang.String, java.lang.String, java.lang.String, java.lang.String)[pri:0, instance:com.qa.tests.CVIMultiplInvkeMtngEndTest@31f9b85e] output={null}]]]>
              </value>
            </param>
          </params>
          <reporter-output>
          </reporter-output>
        </test-method> <!-- teardown -->
        <test-method signature="statusCodeTest(java.lang.String, java.lang.String, java.lang.String, java.lang.String, java.lang.String)[pri:0, instance:com.qa.tests.CVIMultiplInvkeMtngEndTest@31f9b85e]" started-at="2020-06-02T11:14:44Z" name="statusCodeTest" data-provider="POSTData" finished-at="2020-06-02T11:14:44Z" duration-ms="189" status="PASS">
          <params>
            <param index="0">
              <value>
                <![CDATA[/cvi/dm/api/v1/invoke/intent/json]]>
              </value>
            </param>
            <param index="1">
              <value>
                <![CDATA[application/json]]>
              </value>
            </param>
            <param index="2">
              <value>
                <![CDATA[application/json]]>
              </value>
            </param>
            <param index="3">
              <value>
                <![CDATA[b507d7ad-9e14-4a26-a3b5-0cc4ec2a2da9]]>
              </value>
            </param>
            <param index="4">
              <value>
                <![CDATA[{
  "entities":{
    "meeting_title":[
      {
        "literal":"Messe"
      }
    ]
  },
  "intent":"MEETING__END"
}]]>
              </value>
            </param>
          </params>
          <reporter-output>
          </reporter-output>
        </test-method> <!-- statusCodeTest -->
        <test-method is-config="true" signature="teardown(org.testng.ITestResult)[pri:0, instance:com.qa.tests.CVIMultiplInvkeMtngEndTest@31f9b85e]" started-at="2020-06-02T11:14:44Z" name="teardown" finished-at="2020-06-02T11:14:44Z" duration-ms="24" status="PASS">
          <params>
            <param index="0">
              <value>
                <![CDATA[[TestResult name=statusCodeTest status=SUCCESS method=CVIMultiplInvkeMtngEndTest.statusCodeTest(java.lang.String, java.lang.String, java.lang.String, java.lang.String, java.lang.String)[pri:0, instance:com.qa.tests.CVIMultiplInvkeMtngEndTest@31f9b85e] output={null}]]]>
              </value>
            </param>
          </params>
          <reporter-output>
          </reporter-output>
        </test-method> <!-- teardown -->
      </class> <!-- com.qa.tests.CVIMultiplInvkeMtngEndTest -->
    </test> <!-- POST SKILLS using CVI LOGIN Test -->
  </suite> <!-- POST SKILLS using CVI LOGIN -->
</testng-results>
