<?xml version="1.0" encoding="UTF-8"?>
<!-- Generated by org.testng.reporters.JUnitXMLReporter -->
<testsuite ignored="0" hostname="axx-PF1DX2B8" failures="0" tests="24" name="GET Service using IBS LOGIN Test" time="5.315" errors="0" timestamp="08 Jun 2020 12:58:26 GMT">
  <testcase classname="com.qa.tests.IBSGetUIMeetingsTest" name="contentTypeTest" time="0.153"/>
  <testcase classname="com.qa.tests.IBSGetUIMeetingsTest" name="contentTypeTest" time="0.101"/>
  <testcase classname="com.qa.tests.IBSGetUIMeetingsTest" name="responseBodyTest" time="0.093"/>
  <testcase classname="com.qa.tests.IBSGetUIMeetingsTest" name="responseBodyTest" time="0.09"/>
  <testcase classname="com.qa.tests.IBSGetUIMeetingsTest" name="responseTimeTest" time="0.096"/>
  <testcase classname="com.qa.tests.IBSGetUIMeetingsTest" name="responseTimeTest" time="0.111"/>
  <testcase classname="com.qa.tests.IBSGetUIMeetingsTest" name="statusCodeTest" time="0.094"/>
  <testcase classname="com.qa.tests.IBSGetUIMeetingsTest" name="statusCodeTest" time="0.096"/>
  <testcase classname="com.qa.tests.IBSGetUIHighlightsTest" name="contentTypeTest" time="0.084"/>
  <testcase classname="com.qa.tests.IBSGetUIHighlightsTest" name="contentTypeTest" time="0.086"/>
  <testcase classname="com.qa.tests.IBSGetUIHighlightsTest" name="responseBodyTest" time="0.083"/>
  <testcase classname="com.qa.tests.IBSGetUIHighlightsTest" name="responseBodyTest" time="0.087"/>
  <testcase classname="com.qa.tests.IBSGetUIHighlightsTest" name="responseTimeTest" time="0.107"/>
  <testcase classname="com.qa.tests.IBSGetUIHighlightsTest" name="responseTimeTest" time="0.091"/>
  <testcase classname="com.qa.tests.IBSGetUIHighlightsTest" name="statusCodeTest" time="0.078"/>
  <testcase classname="com.qa.tests.IBSGetUIHighlightsTest" name="statusCodeTest" time="0.073"/>
  <testcase classname="com.qa.tests.IBSGetUITranscriptsTest" name="contentTypeTest" time="0.092"/>
  <testcase classname="com.qa.tests.IBSGetUITranscriptsTest" name="contentTypeTest" time="0.083"/>
  <testcase classname="com.qa.tests.IBSGetUITranscriptsTest" name="responseBodyTest" time="0.081"/>
  <testcase classname="com.qa.tests.IBSGetUITranscriptsTest" name="responseBodyTest" time="0.075"/>
  <testcase classname="com.qa.tests.IBSGetUITranscriptsTest" name="responseTimeTest" time="0.084"/>
  <testcase classname="com.qa.tests.IBSGetUITranscriptsTest" name="responseTimeTest" time="0.092"/>
  <testcase classname="com.qa.tests.IBSGetUITranscriptsTest" name="statusCodeTest" time="0.089"/>
  <testcase classname="com.qa.tests.IBSGetUITranscriptsTest" name="statusCodeTest" time="0.087"/>
</testsuite> <!-- GET Service using IBS LOGIN Test -->
