<?xml version="1.0" encoding="UTF-8"?>
<!-- Generated by org.testng.reporters.JUnitXMLReporter -->
<testsuite ignored="0" hostname="axx-PF1DX2B8" failures="0" tests="40" name="POST SKILLS using CVI LOGIN Test" time="17.033" errors="0" timestamp="08 Jun 2020 14:57:32 GMT">
  <testcase classname="com.qa.tests.CVIMultiplInvkeMtngStrtTest" name="contentTypeTest" time="0.422"/>
  <testcase classname="com.qa.tests.CVIMultiplInvkeMtngStrtTest" name="contentTypeTest" time="0.586"/>
  <testcase classname="com.qa.tests.CVIMultiplInvkeMtngStrtTest" name="responseBodyTest" time="0.284"/>
  <testcase classname="com.qa.tests.CVIMultiplInvkeMtngStrtTest" name="responseBodyTest" time="0.597"/>
  <testcase classname="com.qa.tests.CVIMultiplInvkeMtngStrtTest" name="responseTimeTest" time="0.442"/>
  <testcase classname="com.qa.tests.CVIMultiplInvkeMtngStrtTest" name="responseTimeTest" time="0.49"/>
  <testcase classname="com.qa.tests.CVIMultiplInvkeMtngStrtTest" name="statusCodeTest" time="0.277"/>
  <testcase classname="com.qa.tests.CVIMultiplInvkeMtngStrtTest" name="statusCodeTest" time="0.586"/>
  <testcase classname="com.qa.tests.CVIMultiplInvkeMtngEndTest" name="contentTypeTest" time="0.125"/>
  <testcase classname="com.qa.tests.CVIMultiplInvkeMtngEndTest" name="contentTypeTest" time="0.2"/>
  <testcase classname="com.qa.tests.CVIMultiplInvkeMtngEndTest" name="responseBodyTest" time="0.125"/>
  <testcase classname="com.qa.tests.CVIMultiplInvkeMtngEndTest" name="responseBodyTest" time="0.299"/>
  <testcase classname="com.qa.tests.CVIMultiplInvkeMtngEndTest" name="responseTimeTest" time="0.131"/>
  <testcase classname="com.qa.tests.CVIMultiplInvkeMtngEndTest" name="responseTimeTest" time="0.2"/>
  <testcase classname="com.qa.tests.CVIMultiplInvkeMtngEndTest" name="statusCodeTest" time="0.129"/>
  <testcase classname="com.qa.tests.CVIMultiplInvkeMtngEndTest" name="statusCodeTest" time="0.313"/>
  <testcase classname="com.qa.tests.CVIMultiplInvkeMtngPauseTest" name="contentTypeTest" time="0.155"/>
  <testcase classname="com.qa.tests.CVIMultiplInvkeMtngPauseTest" name="contentTypeTest" time="0.297"/>
  <testcase classname="com.qa.tests.CVIMultiplInvkeMtngPauseTest" name="responseBodyTest" time="0.207"/>
  <testcase classname="com.qa.tests.CVIMultiplInvkeMtngPauseTest" name="responseBodyTest" time="0.158"/>
  <testcase classname="com.qa.tests.CVIMultiplInvkeMtngPauseTest" name="responseTimeTest" time="0.168"/>
  <testcase classname="com.qa.tests.CVIMultiplInvkeMtngPauseTest" name="responseTimeTest" time="0.289"/>
  <testcase classname="com.qa.tests.CVIMultiplInvkeMtngPauseTest" name="statusCodeTest" time="0.16"/>
  <testcase classname="com.qa.tests.CVIMultiplInvkeMtngPauseTest" name="statusCodeTest" time="0.204"/>
  <testcase classname="com.qa.tests.CVIMultiplInvkeMtngResumTest" name="contentTypeTest" time="0.161"/>
  <testcase classname="com.qa.tests.CVIMultiplInvkeMtngResumTest" name="contentTypeTest" time="0.208"/>
  <testcase classname="com.qa.tests.CVIMultiplInvkeMtngResumTest" name="responseBodyTest" time="0.17"/>
  <testcase classname="com.qa.tests.CVIMultiplInvkeMtngResumTest" name="responseBodyTest" time="0.301"/>
  <testcase classname="com.qa.tests.CVIMultiplInvkeMtngResumTest" name="responseTimeTest" time="0.161"/>
  <testcase classname="com.qa.tests.CVIMultiplInvkeMtngResumTest" name="responseTimeTest" time="0.301"/>
  <testcase classname="com.qa.tests.CVIMultiplInvkeMtngResumTest" name="statusCodeTest" time="0.174"/>
  <testcase classname="com.qa.tests.CVIMultiplInvkeMtngResumTest" name="statusCodeTest" time="0.298"/>
  <testcase classname="com.qa.tests.CVIInvkeViaTxt" name="contentTypeTest" time="0.357"/>
  <testcase classname="com.qa.tests.CVIInvkeViaTxt" name="contentTypeTest" time="0.893"/>
  <testcase classname="com.qa.tests.CVIInvkeViaTxt" name="responseBodyTest" time="0.362"/>
  <testcase classname="com.qa.tests.CVIInvkeViaTxt" name="responseBodyTest" time="0.505"/>
  <testcase classname="com.qa.tests.CVIInvkeViaTxt" name="responseTimeTest" time="0.352"/>
  <testcase classname="com.qa.tests.CVIInvkeViaTxt" name="responseTimeTest" time="0.588"/>
  <testcase classname="com.qa.tests.CVIInvkeViaTxt" name="statusCodeTest" time="0.466"/>
  <testcase classname="com.qa.tests.CVIInvkeViaTxt" name="statusCodeTest" time="0.497"/>
</testsuite> <!-- POST SKILLS using CVI LOGIN Test -->
