<?xml version="1.0" encoding="UTF-8"?>
<!-- Generated by org.testng.reporters.JUnitXMLReporter -->
<testsuite ignored="0" hostname="axx-PF1DX2B8" failures="0" tests="40" name="POST SKILLS using CVI LOGIN Test" time="21.936" errors="0" timestamp="04 Jun 2020 11:27:52 GMT">
  <testcase classname="com.qa.tests.CVIMultiplInvkeMtngStrtTest" name="contentTypeTest" time="0.409"/>
  <testcase classname="com.qa.tests.CVIMultiplInvkeMtngStrtTest" name="contentTypeTest" time="0.389"/>
  <testcase classname="com.qa.tests.CVIMultiplInvkeMtngStrtTest" name="responseBodyTest" time="0.262"/>
  <testcase classname="com.qa.tests.CVIMultiplInvkeMtngStrtTest" name="responseBodyTest" time="0.429"/>
  <testcase classname="com.qa.tests.CVIMultiplInvkeMtngStrtTest" name="responseTimeTest" time="0.407"/>
  <testcase classname="com.qa.tests.CVIMultiplInvkeMtngStrtTest" name="responseTimeTest" time="0.415"/>
  <testcase classname="com.qa.tests.CVIMultiplInvkeMtngStrtTest" name="statusCodeTest" time="0.493"/>
  <testcase classname="com.qa.tests.CVIMultiplInvkeMtngStrtTest" name="statusCodeTest" time="0.648"/>
  <testcase classname="com.qa.tests.CVIMultiplInvkeMtngEndTest" name="contentTypeTest" time="0.72"/>
  <testcase classname="com.qa.tests.CVIMultiplInvkeMtngEndTest" name="contentTypeTest" time="0.874"/>
  <testcase classname="com.qa.tests.CVIMultiplInvkeMtngEndTest" name="responseBodyTest" time="0.95"/>
  <testcase classname="com.qa.tests.CVIMultiplInvkeMtngEndTest" name="responseBodyTest" time="0.542"/>
  <testcase classname="com.qa.tests.CVIMultiplInvkeMtngEndTest" name="responseTimeTest" time="0.701"/>
  <testcase classname="com.qa.tests.CVIMultiplInvkeMtngEndTest" name="responseTimeTest" time="0.553"/>
  <testcase classname="com.qa.tests.CVIMultiplInvkeMtngEndTest" name="statusCodeTest" time="0.405"/>
  <testcase classname="com.qa.tests.CVIMultiplInvkeMtngEndTest" name="statusCodeTest" time="0.317"/>
  <testcase classname="com.qa.tests.CVIMultiplInvkeMtngPauseTest" name="contentTypeTest" time="0.426"/>
  <testcase classname="com.qa.tests.CVIMultiplInvkeMtngPauseTest" name="contentTypeTest" time="0.322"/>
  <testcase classname="com.qa.tests.CVIMultiplInvkeMtngPauseTest" name="responseBodyTest" time="0.429"/>
  <testcase classname="com.qa.tests.CVIMultiplInvkeMtngPauseTest" name="responseBodyTest" time="0.878"/>
  <testcase classname="com.qa.tests.CVIMultiplInvkeMtngPauseTest" name="responseTimeTest" time="0.295"/>
  <testcase classname="com.qa.tests.CVIMultiplInvkeMtngPauseTest" name="responseTimeTest" time="0.302"/>
  <testcase classname="com.qa.tests.CVIMultiplInvkeMtngPauseTest" name="statusCodeTest" time="0.286"/>
  <testcase classname="com.qa.tests.CVIMultiplInvkeMtngPauseTest" name="statusCodeTest" time="0.234"/>
  <testcase classname="com.qa.tests.CVIMultiplInvkeMtngResumTest" name="contentTypeTest" time="0.28"/>
  <testcase classname="com.qa.tests.CVIMultiplInvkeMtngResumTest" name="contentTypeTest" time="0.289"/>
  <testcase classname="com.qa.tests.CVIMultiplInvkeMtngResumTest" name="responseBodyTest" time="0.242"/>
  <testcase classname="com.qa.tests.CVIMultiplInvkeMtngResumTest" name="responseBodyTest" time="0.308"/>
  <testcase classname="com.qa.tests.CVIMultiplInvkeMtngResumTest" name="responseTimeTest" time="0.192"/>
  <testcase classname="com.qa.tests.CVIMultiplInvkeMtngResumTest" name="responseTimeTest" time="0.271"/>
  <testcase classname="com.qa.tests.CVIMultiplInvkeMtngResumTest" name="statusCodeTest" time="0.203"/>
  <testcase classname="com.qa.tests.CVIMultiplInvkeMtngResumTest" name="statusCodeTest" time="0.214"/>
  <testcase classname="com.qa.tests.CVIInvkeViaTxt" name="contentTypeTest" time="0.442"/>
  <testcase classname="com.qa.tests.CVIInvkeViaTxt" name="contentTypeTest" time="0.483"/>
  <testcase classname="com.qa.tests.CVIInvkeViaTxt" name="responseBodyTest" time="0.626"/>
  <testcase classname="com.qa.tests.CVIInvkeViaTxt" name="responseBodyTest" time="0.37"/>
  <testcase classname="com.qa.tests.CVIInvkeViaTxt" name="responseTimeTest" time="0.308"/>
  <testcase classname="com.qa.tests.CVIInvkeViaTxt" name="responseTimeTest" time="0.528"/>
  <testcase classname="com.qa.tests.CVIInvkeViaTxt" name="statusCodeTest" time="0.701"/>
  <testcase classname="com.qa.tests.CVIInvkeViaTxt" name="statusCodeTest" time="0.716"/>
</testsuite> <!-- POST SKILLS using CVI LOGIN Test -->
